<?xml version="1.0" encoding="UTF-8"?>
<testsuite xmlns:xsi="http://www.w3.org/2001/XMLSchema-instance" xsi:noNamespaceSchemaLocation="https://maven.apache.org/surefire/maven-surefire-plugin/xsd/surefire-test-report-3.0.xsd" version="3.0" name="com.bank.BankingApplicationTest" time="14.484" tests="6" errors="0" skipped="0" failures="0">
  <properties>
[...]
</properties>
  <testcase name="testInvestmentResourceBuy" classname="com.bank.BankingApplicationTest" time="0.686">
    <system-out><![CDATA[20:01:31.276 [main] DEBUG org.springframework.test.context.BootstrapUtils - Instantiating CacheAwareContextLoaderDelegate from class [org.springframework.test.context.cache.DefaultCacheAwareContextLoaderDelegate]
20:01:31.308 [main] DEBUG org.springframework.test.context.BootstrapUtils - Instantiating BootstrapContext using constructor [public org.springframework.test.context.support.DefaultBootstrapContext(java.lang.Class,org.springframework.test.context.CacheAwareContextLoaderDelegate)]
20:01:31.387 [main] DEBUG org.springframework.test.context.BootstrapUtils - Instantiating TestContextBootstrapper for test class [com.bank.BankingApplicationTest] from class [org.springframework.test.context.support.DefaultTestContextBootstrapper]
20:01:31.459 [main] DEBUG org.springframework.test.context.support.AbstractDelegatingSmartContextLoader - Delegating to GenericXmlContextLoader to process context configuration [ContextConfigurationAttributes@4d5650ae declaringClass = 'com.bank.BankingApplicationTest', classes = '{}', locations = '{classpath:applicationContext.xml}', inheritLocations = true, initializers = '{}', inheritInitializers = true, name = [null], contextLoaderClass = 'org.springframework.test.context.ContextLoader'].
20:01:31.544 [main] DEBUG org.springframework.test.context.support.ActiveProfilesUtils - Could not find an 'annotation declaring class' for annotation type [org.springframework.test.context.ActiveProfiles] and class [com.bank.BankingApplicationTest]
20:01:31.546 [main] DEBUG org.springframework.test.context.support.DefaultTestContextBootstrapper - @TestExecutionListeners is not present for class [com.bank.BankingApplicationTest]: using defaults.
20:01:31.548 [main] INFO org.springframework.test.context.support.DefaultTestContextBootstrapper - Loaded default TestExecutionListener class names from location [META-INF/spring.factories]: [org.springframework.test.context.web.ServletTestExecutionListener, org.springframework.test.context.support.DirtiesContextBeforeModesTestExecutionListener, org.springframework.test.context.event.ApplicationEventsTestExecutionListener, org.springframework.test.context.support.DependencyInjectionTestExecutionListener, org.springframework.test.context.support.DirtiesContextTestExecutionListener, org.springframework.test.context.transaction.TransactionalTestExecutionListener, org.springframework.test.context.jdbc.SqlScriptsTestExecutionListener, org.springframework.test.context.event.EventPublishingTestExecutionListener]
20:01:31.561 [main] DEBUG org.springframework.test.context.support.DefaultTestContextBootstrapper - Skipping candidate TestExecutionListener [org.springframework.test.context.web.ServletTestExecutionListener] due to a missing dependency. Specify custom listener classes or make the default listener classes and their required dependencies available. Offending class: [javax/servlet/ServletContext]
20:01:31.584 [main] INFO org.springframework.test.context.support.DefaultTestContextBootstrapper - Using TestExecutionListeners: [org.springframework.test.context.support.DirtiesContextBeforeModesTestExecutionListener@533bda92, org.springframework.test.context.event.ApplicationEventsTestExecutionListener@304bb45b, org.springframework.test.context.support.DependencyInjectionTestExecutionListener@723ca036, org.springframework.test.context.support.DirtiesContextTestExecutionListener@25be7b63, org.springframework.test.context.transaction.TransactionalTestExecutionListener@28dcca0c, org.springframework.test.context.jdbc.SqlScriptsTestExecutionListener@45d84a20, org.springframework.test.context.event.EventPublishingTestExecutionListener@52f27fbd]
20:01:31.588 [main] DEBUG org.springframework.test.context.support.AbstractDirtiesContextTestExecutionListener - Before test class: context [DefaultTestContext@536f2a7e testClass = BankingApplicationTest, testInstance = [null], testMethod = [null], testException = [null], mergedContextConfiguration = [MergedContextConfiguration@72bc6553 testClass = BankingApplicationTest, locations = '{classpath:applicationContext.xml}', classes = '{}', contextInitializerClasses = '[]', activeProfiles = '{}', propertySourceLocations = '{}', propertySourceProperties = '{}', contextCustomizers = set[[empty]], contextLoader = 'org.springframework.test.context.support.DelegatingSmartContextLoader', parent = [null]], attributes = map[[empty]]], class annotated with @DirtiesContext [false] with mode [null].
20:01:31.631 [main] DEBUG org.springframework.test.context.support.DependencyInjectionTestExecutionListener - Performing dependency injection for test context [[DefaultTestContext@536f2a7e testClass = BankingApplicationTest, testInstance = com.bank.BankingApplicationTest@15888343, testMethod = [null], testException = [null], mergedContextConfiguration = [MergedContextConfiguration@72bc6553 testClass = BankingApplicationTest, locations = '{classpath:applicationContext.xml}', classes = '{}', contextInitializerClasses = '[]', activeProfiles = '{}', propertySourceLocations = '{}', propertySourceProperties = '{}', contextCustomizers = set[[empty]], contextLoader = 'org.springframework.test.context.support.DelegatingSmartContextLoader', parent = [null]], attributes = map['org.springframework.test.context.event.ApplicationEventsTestExecutionListener.recordApplicationEvents' -> false]]].
20:01:31.634 [main] DEBUG org.springframework.test.context.support.AbstractDelegatingSmartContextLoader - Delegating to GenericXmlContextLoader to load context from [MergedContextConfiguration@72bc6553 testClass = BankingApplicationTest, locations = '{classpath:applicationContext.xml}', classes = '{}', contextInitializerClasses = '[]', activeProfiles = '{}', propertySourceLocations = '{}', propertySourceProperties = '{}', contextCustomizers = set[[empty]], contextLoader = 'org.springframework.test.context.support.DelegatingSmartContextLoader', parent = [null]].
20:01:31.634 [main] DEBUG org.springframework.test.context.support.AbstractGenericContextLoader - Loading ApplicationContext for merged context configuration [[MergedContextConfiguration@72bc6553 testClass = BankingApplicationTest, locations = '{classpath:applicationContext.xml}', classes = '{}', contextInitializerClasses = '[]', activeProfiles = '{}', propertySourceLocations = '{}', propertySourceProperties = '{}', contextCustomizers = set[[empty]], contextLoader = 'org.springframework.test.context.support.DelegatingSmartContextLoader', parent = [null]]].
20:01:31.793 [main] DEBUG org.springframework.core.env.StandardEnvironment - Activating profiles []
20:01:32.738 [main] DEBUG org.springframework.beans.factory.xml.XmlBeanDefinitionReader - Loaded 9 bean definitions from class path resource [spring-mybatis.xml]
20:01:36.704 [main] DEBUG org.apache.camel.spring.xml.handler.CamelNamespaceHandler - Registered default: org.apache.camel.spring.xml.CamelProducerTemplateFactoryBean with id: template on camel context: bankingCamelContext
20:01:36.709 [main] DEBUG org.apache.camel.spring.xml.handler.CamelNamespaceHandler - Registered default: org.apache.camel.spring.xml.CamelFluentProducerTemplateFactoryBean with id: fluentTemplate on camel context: bankingCamelContext
20:01:36.710 [main] DEBUG org.apache.camel.spring.xml.handler.CamelNamespaceHandler - Registered default: org.apache.camel.spring.xml.CamelConsumerTemplateFactoryBean with id: consumerTemplate on camel context: bankingCamelContext
20:01:36.711 [main] DEBUG org.springframework.beans.factory.xml.XmlBeanDefinitionReader - Loaded 5 bean definitions from class path resource [camel-context.xml]
20:01:36.711 [main] DEBUG org.springframework.beans.factory.xml.XmlBeanDefinitionReader - Loaded 23 bean definitions from class path resource [applicationContext.xml]
20:01:36.743 [main] DEBUG org.springframework.context.support.GenericApplicationContext - Refreshing org.springframework.context.support.GenericApplicationContext@626abbd0
20:01:36.843 [main] DEBUG org.springframework.beans.factory.support.DefaultListableBeanFactory - Creating shared instance of singleton bean 'org.springframework.context.annotation.internalConfigurationAnnotationProcessor'
20:01:37.016 [main] DEBUG org.springframework.beans.factory.support.DefaultListableBeanFactory - Creating shared instance of singleton bean 'org.mybatis.spring.mapper.MapperScannerConfigurer#0'
20:01:37.133 [main] DEBUG org.apache.ibatis.logging.LogFactory - Logging initialized using 'class org.apache.ibatis.logging.slf4j.Slf4jImpl' adapter.
20:01:37.164 [main] DEBUG org.mybatis.spring.mapper.ClassPathMapperScanner - Identified candidate component class: file [C:\Users\Soyeb\Desktop\swagger\target\classes\com\bank\mapper\AccountMapper.class]
20:01:37.166 [main] DEBUG org.mybatis.spring.mapper.ClassPathMapperScanner - Identified candidate component class: file [C:\Users\Soyeb\Desktop\swagger\target\classes\com\bank\mapper\InvestmentMapper.class]
20:01:37.167 [main] DEBUG org.mybatis.spring.mapper.ClassPathMapperScanner - Identified candidate component class: file [C:\Users\Soyeb\Desktop\swagger\target\classes\com\bank\mapper\LoanMapper.class]
20:01:37.169 [main] DEBUG org.mybatis.spring.mapper.ClassPathMapperScanner - Identified candidate component class: file [C:\Users\Soyeb\Desktop\swagger\target\classes\com\bank\mapper\TransactionMapper.class]
20:01:37.171 [main] DEBUG org.mybatis.spring.mapper.ClassPathMapperScanner - Identified candidate component class: file [C:\Users\Soyeb\Desktop\swagger\target\classes\com\bank\mapper\UserMapper.class]
20:01:37.182 [main] DEBUG org.mybatis.spring.mapper.ClassPathMapperScanner - Creating MapperFactoryBean with name 'accountMapper' and 'com.bank.mapper.AccountMapper' mapperInterface
20:01:37.188 [main] DEBUG org.mybatis.spring.mapper.ClassPathMapperScanner - Creating MapperFactoryBean with name 'investmentMapper' and 'com.bank.mapper.InvestmentMapper' mapperInterface
20:01:37.190 [main] DEBUG org.mybatis.spring.mapper.ClassPathMapperScanner - Creating MapperFactoryBean with name 'loanMapper' and 'com.bank.mapper.LoanMapper' mapperInterface
20:01:37.192 [main] DEBUG org.mybatis.spring.mapper.ClassPathMapperScanner - Creating MapperFactoryBean with name 'transactionMapper' and 'com.bank.mapper.TransactionMapper' mapperInterface
20:01:37.195 [main] DEBUG org.mybatis.spring.mapper.ClassPathMapperScanner - Creating MapperFactoryBean with name 'userMapper' and 'com.bank.mapper.UserMapper' mapperInterface
20:01:37.203 [main] DEBUG org.springframework.beans.factory.support.DefaultListableBeanFactory - Creating shared instance of singleton bean 'org.springframework.context.event.internalEventListenerProcessor'
20:01:37.210 [main] DEBUG org.springframework.beans.factory.support.DefaultListableBeanFactory - Creating shared instance of singleton bean 'org.springframework.transaction.config.internalTransactionalEventListenerFactory'
20:01:37.211 [main] DEBUG org.springframework.beans.factory.support.DefaultListableBeanFactory - Creating shared instance of singleton bean 'org.springframework.context.event.internalEventListenerFactory'
20:01:37.217 [main] DEBUG org.springframework.beans.factory.support.DefaultListableBeanFactory - Creating shared instance of singleton bean 'org.springframework.context.annotation.internalAutowiredAnnotationProcessor'
20:01:37.244 [main] DEBUG org.springframework.beans.factory.support.DefaultListableBeanFactory - Creating shared instance of singleton bean 'org.springframework.context.annotation.internalCommonAnnotationProcessor'
20:01:37.268 [main] DEBUG org.springframework.beans.factory.support.DefaultListableBeanFactory - Creating shared instance of singleton bean 'org.springframework.aop.config.internalAutoProxyCreator'
20:01:37.392 [main] DEBUG org.springframework.beans.factory.support.DefaultListableBeanFactory - Creating shared instance of singleton bean 'bankingCamelContext:beanPostProcessor'
20:01:37.451 [main] DEBUG org.springframework.beans.factory.support.DefaultListableBeanFactory - Creating shared instance of singleton bean 'dataSource'
20:01:37.711 [main] DEBUG org.springframework.beans.factory.support.DefaultListableBeanFactory - Creating shared instance of singleton bean 'org.springframework.transaction.config.internalTransactionAdvisor'
20:01:37.720 [main] DEBUG org.springframework.beans.factory.support.DefaultListableBeanFactory - Creating shared instance of singleton bean 'org.springframework.transaction.annotation.AnnotationTransactionAttributeSource#0'
20:01:37.837 [main] INFO org.springframework.jdbc.datasource.embedded.EmbeddedDatabaseFactory - Starting embedded database: url='jdbc:h2:mem:dataSource;DB_CLOSE_DELAY=-1;DB_CLOSE_ON_EXIT=false', username='sa'
20:01:37.852 [main] DEBUG org.springframework.jdbc.datasource.DataSourceUtils - Fetching JDBC Connection from DataSource
20:01:37.853 [main] DEBUG org.springframework.jdbc.datasource.SimpleDriverDataSource - Creating new JDBC Driver Connection to [jdbc:h2:mem:dataSource;DB_CLOSE_DELAY=-1;DB_CLOSE_ON_EXIT=false]
20:01:38.713 [main] DEBUG org.springframework.jdbc.datasource.init.ScriptUtils - Executing SQL script from class path resource [schema.sql]
20:01:38.744 [main] DEBUG org.springframework.jdbc.datasource.init.ScriptUtils - 0 returned as update count for SQL: DROP TABLE IF EXISTS investments
20:01:38.745 [main] DEBUG org.springframework.jdbc.datasource.init.ScriptUtils - 0 returned as update count for SQL: DROP TABLE IF EXISTS mutual_funds
20:01:38.746 [main] DEBUG org.springframework.jdbc.datasource.init.ScriptUtils - 0 returned as update count for SQL: DROP TABLE IF EXISTS loans
20:01:38.747 [main] DEBUG org.springframework.jdbc.datasource.init.ScriptUtils - 0 returned as update count for SQL: DROP TABLE IF EXISTS transactions
20:01:38.748 [main] DEBUG org.springframework.jdbc.datasource.init.ScriptUtils - 0 returned as update count for SQL: DROP TABLE IF EXISTS accounts
20:01:38.750 [main] DEBUG org.springframework.jdbc.datasource.init.ScriptUtils - 0 returned as update count for SQL: DROP TABLE IF EXISTS users
20:01:38.844 [main] DEBUG org.springframework.jdbc.datasource.init.ScriptUtils - 0 returned as update count for SQL: CREATE TABLE users ( id BIGINT AUTO_INCREMENT PRIMARY KEY, username VARCHAR(50) NOT NULL UNIQUE, password VARCHAR(100) NOT NULL, full_name VARCHAR(100) NOT NULL, email VARCHAR(100) NOT NULL, phone VARCHAR(20), role VARCHAR(20) DEFAULT 'CUSTOMER', created_at TIMESTAMP DEFAULT CURRENT_TIMESTAMP )
20:01:38.913 [main] DEBUG org.springframework.jdbc.datasource.init.ScriptUtils - 0 returned as update count for SQL: CREATE TABLE accounts ( id BIGINT AUTO_INCREMENT PRIMARY KEY, account_number VARCHAR(30) NOT NULL UNIQUE, user_id BIGINT NOT NULL, account_type VARCHAR(20) NOT NULL, balance DECIMAL(15, 2) NOT NULL DEFAULT 0.00, status VARCHAR(20) DEFAULT 'ACTIVE', created_at TIMESTAMP DEFAULT CURRENT_TIMESTAMP, FOREIGN KEY (user_id) REFERENCES users(id) )
20:01:38.941 [main] DEBUG org.springframework.jdbc.datasource.init.ScriptUtils - 0 returned as update count for SQL: CREATE TABLE transactions ( id BIGINT AUTO_INCREMENT PRIMARY KEY, transaction_reference VARCHAR(50) NOT NULL UNIQUE, account_id BIGINT NOT NULL, transaction_type VARCHAR(20) NOT NULL, amount DECIMAL(15, 2) NOT NULL, balance_after DECIMAL(15, 2) NOT NULL, description VARCHAR(255), timestamp TIMESTAMP DEFAULT CURRENT_TIMESTAMP, FOREIGN KEY (account_id) REFERENCES accounts(id) )
20:01:38.959 [main] DEBUG org.springframework.jdbc.datasource.init.ScriptUtils - 0 returned as update count for SQL: CREATE TABLE loans ( id BIGINT AUTO_INCREMENT PRIMARY KEY, loan_number VARCHAR(30) NOT NULL UNIQUE, user_id BIGINT NOT NULL, loan_type VARCHAR(30) NOT NULL, principal_amount DECIMAL(15, 2) NOT NULL, interest_rate DECIMAL(5, 2) NOT NULL, duration_months INT NOT NULL, monthly_emi DECIMAL(15, 2) NOT NULL, status VARCHAR(20) DEFAULT 'PENDING', remaining_amount DECIMAL(15, 2) NOT NULL, applied_at TIMESTAMP DEFAULT CURRENT_TIMESTAMP, FOREIGN KEY (user_id) REFERENCES users(id) )
20:01:38.964 [main] DEBUG org.springframework.jdbc.datasource.init.ScriptUtils - 0 returned as update count for SQL: CREATE TABLE mutual_funds ( id BIGINT AUTO_INCREMENT PRIMARY KEY, fund_code VARCHAR(30) NOT NULL UNIQUE, fund_name VARCHAR(100) NOT NULL, category VARCHAR(50) NOT NULL, nav DECIMAL(10, 4) NOT NULL, risk_level VARCHAR(20) NOT NULL )
20:01:38.979 [main] DEBUG org.springframework.jdbc.datasource.init.ScriptUtils - 0 returned as update count for SQL: CREATE TABLE investments ( id BIGINT AUTO_INCREMENT PRIMARY KEY, user_id BIGINT NOT NULL, fund_id BIGINT NOT NULL, units DECIMAL(15, 4) NOT NULL, invested_amount DECIMAL(15, 2) NOT NULL, current_value DECIMAL(15, 2) NOT NULL, investment_type VARCHAR(20) NOT NULL, status VARCHAR(20) DEFAULT 'ACTIVE', invested_at TIMESTAMP DEFAULT CURRENT_TIMESTAMP, FOREIGN KEY (user_id) REFERENCES users(id), FOREIGN KEY (fund_id) REFERENCES mutual_funds(id) )
20:01:38.980 [main] DEBUG org.springframework.jdbc.datasource.init.ScriptUtils - Executed SQL script from class path resource [schema.sql] in 267 ms.
20:01:38.980 [main] DEBUG org.springframework.jdbc.datasource.init.ScriptUtils - Executing SQL script from class path resource [data.sql]
20:01:39.028 [main] DEBUG org.springframework.jdbc.datasource.init.ScriptUtils - 3 returned as update count for SQL: INSERT INTO users (username, password, full_name, email, phone, role) VALUES ('john_doe', 'password123', 'John Doe', 'john.doe@example.com', '+1-555-0199', 'CUSTOMER'), ('jane_smith', 'securepass', 'Jane Smith', 'jane.smith@example.com', '+1-555-0188', 'CUSTOMER'), ('admin_bank', 'admin123', 'Bank Admin', 'admin@apexbank.com', '+1-555-0100', 'ADMIN')
20:01:39.032 [main] DEBUG org.springframework.jdbc.datasource.init.ScriptUtils - 3 returned as update count for SQL: INSERT INTO accounts (account_number, user_id, account_type, balance, status) VALUES ('ACC-CHK-1001', 1, 'CHECKING', 15500.00, 'ACTIVE'), ('ACC-SAV-1002', 1, 'SAVINGS', 45000.50, 'ACTIVE'), ('ACC-CHK-2001', 2, 'CHECKING', 8200.75, 'ACTIVE')
20:01:39.039 [main] DEBUG org.springframework.jdbc.datasource.init.ScriptUtils - 3 returned as update count for SQL: INSERT INTO transactions (transaction_reference, account_id, transaction_type, amount, balance_after, description) VALUES ('TXN-10001', 1, 'DEPOSIT', 20000.00, 20000.00, 'Initial Salary Credit'), ('TXN-10002', 1, 'WITHDRAWAL', 4500.00, 15500.00, 'ATM Withdrawal'), ('TXN-10003', 2, 'DEPOSIT', 45000.50, 45000.50, 'Savings Transfer')
20:01:39.042 [main] DEBUG org.springframework.jdbc.datasource.init.ScriptUtils - 2 returned as update count for SQL: INSERT INTO loans (loan_number, user_id, loan_type, principal_amount, interest_rate, duration_months, monthly_emi, status, remaining_amount) VALUES ('LN-HOM-5001', 1, 'HOME', 250000.00, 7.50, 240, 2014.28, 'APPROVED', 245000.00), ('LN-AUT-5002', 2, 'CAR', 35000.00, 8.20, 60, 713.12, 'PENDING', 35000.00)
20:01:39.046 [main] DEBUG org.springframework.jdbc.datasource.init.ScriptUtils - 4 returned as update count for SQL: INSERT INTO mutual_funds (fund_code, fund_name, category, nav, risk_level) VALUES ('MF-EQ-001', 'Apex Bluechip Equity Growth Fund', 'EQUITY', 142.50, 'HIGH'), ('MF-DB-002', 'Apex Corporate Bond Debt Fund', 'DEBT', 45.80, 'LOW'), ('MF-HB-003', 'Apex Balanced Hybrid Growth Fund', 'HYBRID', 88.25, 'MODERATE'), ('MF-IX-004', 'Apex Nifty 50 Index Fund', 'INDEX', 210.10, 'MODERATE')
20:01:39.050 [main] DEBUG org.springframework.jdbc.datasource.init.ScriptUtils - 2 returned as update count for SQL: INSERT INTO investments (user_id, fund_id, units, invested_amount, current_value, investment_type, status) VALUES (1, 1, 100.0000, 14000.00, 14250.00, 'SIP', 'ACTIVE'), (1, 3, 200.0000, 17000.00, 17650.00, 'LUMPSUM', 'ACTIVE')
20:01:39.050 [main] DEBUG org.springframework.jdbc.datasource.init.ScriptUtils - Executed SQL script from class path resource [data.sql] in 70 ms.
20:01:39.058 [main] DEBUG org.springframework.beans.factory.support.DefaultListableBeanFactory - Creating shared instance of singleton bean 'transactionManager'
20:01:39.143 [main] DEBUG org.springframework.beans.factory.support.DefaultListableBeanFactory - Creating shared instance of singleton bean 'org.springframework.transaction.interceptor.TransactionInterceptor#0'
20:01:39.225 [main] DEBUG org.springframework.beans.factory.support.DefaultListableBeanFactory - Creating shared instance of singleton bean 'sqlSessionFactory'
20:01:39.304 [main] DEBUG org.mybatis.spring.SqlSessionFactoryBean - Property 'configuration' or 'configLocation' not specified, using default MyBatis Configuration
20:01:40.603 [main] DEBUG org.mybatis.spring.SqlSessionFactoryBean - Parsed mapper file: 'file [C:\Users\Soyeb\Desktop\swagger\target\classes\mappers\AccountMapper.xml]'
20:01:40.684 [main] DEBUG org.mybatis.spring.SqlSessionFactoryBean - Parsed mapper file: 'file [C:\Users\Soyeb\Desktop\swagger\target\classes\mappers\InvestmentMapper.xml]'
20:01:40.740 [main] DEBUG org.mybatis.spring.SqlSessionFactoryBean - Parsed mapper file: 'file [C:\Users\Soyeb\Desktop\swagger\target\classes\mappers\LoanMapper.xml]'
20:01:40.788 [main] DEBUG org.mybatis.spring.SqlSessionFactoryBean - Parsed mapper file: 'file [C:\Users\Soyeb\Desktop\swagger\target\classes\mappers\TransactionMapper.xml]'
20:01:40.943 [main] DEBUG org.mybatis.spring.SqlSessionFactoryBean - Parsed mapper file: 'file [C:\Users\Soyeb\Desktop\swagger\target\classes\mappers\UserMapper.xml]'
20:01:40.955 [main] DEBUG org.springframework.beans.factory.support.DefaultListableBeanFactory - Creating shared instance of singleton bean 'authService'
20:01:40.956 [main] DEBUG org.springframework.beans.factory.support.DefaultListableBeanFactory - Creating shared instance of singleton bean 'userMapper'
20:01:41.082 [main] DEBUG org.springframework.beans.factory.support.DefaultListableBeanFactory - Creating shared instance of singleton bean 'accountService'
20:01:41.083 [main] DEBUG org.springframework.beans.factory.support.DefaultListableBeanFactory - Creating shared instance of singleton bean 'accountMapper'
20:01:41.091 [main] DEBUG org.springframework.beans.factory.support.DefaultListableBeanFactory - Creating shared instance of singleton bean 'transactionMapper'
20:01:41.104 [main] DEBUG org.springframework.beans.factory.support.DefaultListableBeanFactory - Creating shared instance of singleton bean 'template'
20:01:41.109 [main] DEBUG org.springframework.beans.factory.support.DefaultListableBeanFactory - Creating shared instance of singleton bean 'bankingCamelContext'
20:01:41.775 [main] DEBUG org.apache.camel.spring.SpringCamelContext - Set the application context classloader to: jdk.internal.loader.ClassLoaders$AppClassLoader@73d16e93
20:01:41.810 [main] DEBUG org.apache.camel.support.LRUCacheFactory - Creating DefaultLRUCacheFactory
20:01:41.827 [main] DEBUG org.apache.camel.impl.engine.AbstractCamelContext - Setting up management with factory: org.apache.camel.impl.engine.DefaultManagementStrategyFactory@3a7e365
20:01:41.868 [main] DEBUG org.apache.camel.support.ResolverHelper - Found HealthCheckRegistry: org.apache.camel.impl.health.DefaultHealthCheckRegistry via: META-INF/services/org/apache/camel/health-check/default-registry
20:01:42.239 [main] DEBUG org.apache.camel.support.ResolverHelper - Detected and using HealthCheckRegistry: org.apache.camel.impl.health.DefaultHealthCheckRegistry@67d32a54
20:01:42.243 [main] DEBUG org.apache.camel.impl.health.DefaultHealthCheckRegistry - HealthCheckRepository with id registry-health-check-repository successfully registered
20:01:42.286 [main] DEBUG org.apache.camel.impl.converter.BaseTypeConverterRegistry - Loading file META-INF/services/org/apache/camel/TypeConverterLoader to retrieve list of type converters, from url: jar:file:/C:/Users/Soyeb/.m2/repository/org/apache/camel/camel-base/3.22.2/camel-base-3.22.2.jar!/META-INF/services/org/apache/camel/TypeConverterLoader
20:01:42.288 [main] DEBUG org.apache.camel.impl.converter.BaseTypeConverterRegistry - Loading file META-INF/services/org/apache/camel/TypeConverterLoader to retrieve list of type converters, from url: jar:file:/C:/Users/Soyeb/.m2/repository/org/apache/camel/camel-support/3.22.2/camel-support-3.22.2.jar!/META-INF/services/org/apache/camel/TypeConverterLoader
20:01:42.289 [main] DEBUG org.apache.camel.impl.converter.BaseTypeConverterRegistry - Loading file META-INF/services/org/apache/camel/TypeConverterLoader to retrieve list of type converters, from url: jar:file:/C:/Users/Soyeb/.m2/repository/org/apache/camel/camel-file/3.22.2/camel-file-3.22.2.jar!/META-INF/services/org/apache/camel/TypeConverterLoader
20:01:42.291 [main] DEBUG org.apache.camel.impl.converter.BaseTypeConverterRegistry - Loading file META-INF/services/org/apache/camel/TypeConverterLoader to retrieve list of type converters, from url: jar:file:/C:/Users/Soyeb/.m2/repository/org/apache/camel/camel-xml-jaxp/3.22.2/camel-xml-jaxp-3.22.2.jar!/META-INF/services/org/apache/camel/TypeConverterLoader
20:01:42.292 [main] DEBUG org.apache.camel.impl.converter.BaseTypeConverterRegistry - Loading file META-INF/services/org/apache/camel/TypeConverterLoader to retrieve list of type converters, from url: jar:file:/C:/Users/Soyeb/.m2/repository/org/apache/camel/camel-spring/3.22.2/camel-spring-3.22.2.jar!/META-INF/services/org/apache/camel/TypeConverterLoader
20:01:42.294 [main] DEBUG org.apache.camel.impl.converter.BaseTypeConverterRegistry - Loading file META-INF/services/org/apache/camel/TypeConverterLoader to retrieve list of type converters, from url: jar:file:/C:/Users/Soyeb/.m2/repository/org/apache/camel/camel-jackson/3.22.2/camel-jackson-3.22.2.jar!/META-INF/services/org/apache/camel/TypeConverterLoader
20:01:42.295 [main] DEBUG org.apache.camel.impl.converter.BaseTypeConverterRegistry - Resolving TypeConverterLoader: org.apache.camel.converter.CamelBaseBulkConverterLoader
20:01:42.303 [main] DEBUG org.apache.camel.impl.converter.BaseTypeConverterRegistry - TypeConverterLoader: org.apache.camel.converter.CamelBaseBulkConverterLoader loading converters
20:01:42.304 [main] DEBUG org.apache.camel.impl.converter.BaseTypeConverterRegistry - Resolving TypeConverterLoader: org.apache.camel.converter.stream.StreamCacheBulkConverterLoader
20:01:42.307 [main] DEBUG org.apache.camel.impl.converter.BaseTypeConverterRegistry - TypeConverterLoader: org.apache.camel.converter.stream.StreamCacheBulkConverterLoader loading converters
20:01:42.307 [main] DEBUG org.apache.camel.impl.converter.BaseTypeConverterRegistry - Resolving TypeConverterLoader: org.apache.camel.component.file.GenericFileConverterLoader
20:01:42.312 [main] DEBUG org.apache.camel.impl.converter.BaseTypeConverterRegistry - TypeConverterLoader: org.apache.camel.component.file.GenericFileConverterLoader loading converters
20:01:42.335 [main] DEBUG org.apache.camel.impl.converter.BaseTypeConverterRegistry - Resolving TypeConverterLoader: org.apache.camel.converter.jaxp.CamelXmlJaxpBulkConverterLoader
20:01:42.349 [main] DEBUG org.apache.camel.impl.converter.BaseTypeConverterRegistry - TypeConverterLoader: org.apache.camel.converter.jaxp.CamelXmlJaxpBulkConverterLoader loading converters
20:01:42.375 [main] DEBUG org.apache.camel.impl.converter.BaseTypeConverterRegistry - Resolving TypeConverterLoader: org.apache.camel.spring.converter.ResourceConverterLoader
20:01:42.378 [main] DEBUG org.apache.camel.impl.converter.BaseTypeConverterRegistry - TypeConverterLoader: org.apache.camel.spring.converter.ResourceConverterLoader loading converters
20:01:42.379 [main] DEBUG org.apache.camel.impl.converter.BaseTypeConverterRegistry - Resolving TypeConverterLoader: org.apache.camel.component.jackson.converter.JacksonTypeConvertersLoader
20:01:42.386 [main] DEBUG org.apache.camel.impl.converter.BaseTypeConverterRegistry - TypeConverterLoader: org.apache.camel.component.jackson.converter.JacksonTypeConvertersLoader loading converters
20:01:42.451 [main] DEBUG org.apache.camel.impl.converter.DefaultTypeConverter - Loaded 16 type converters in 171ms
20:01:42.454 [main] DEBUG org.apache.camel.impl.engine.AbstractCamelContext - Apache Camel 3.22.2 (bankingCamelContext) built in 673ms
20:01:42.512 [main] DEBUG org.apache.camel.impl.engine.DefaultConfigurerResolver - Found configurer: spring-event-component via type: org.apache.camel.component.event.EventComponentConfigurer via: META-INF/services/org/apache/camel/configurer/spring-event-component
20:01:42.522 [main] DEBUG org.apache.camel.impl.engine.DefaultConfigurerResolver - Found configurer: spring-event-endpoint via type: org.apache.camel.component.event.EventEndpointConfigurer via: META-INF/services/org/apache/camel/configurer/spring-event-endpoint
20:01:42.541 [main] DEBUG org.apache.camel.impl.engine.DefaultConfigurerResolver - Found configurer: spring-event-component via type: org.apache.camel.component.event.EventComponentConfigurer via: META-INF/services/org/apache/camel/configurer/spring-event-component
20:01:42.675 [main] DEBUG org.apache.camel.spring.xml.CamelContextFactoryBean - afterPropertiesSet() took 1142 millis
20:01:42.727 [main] DEBUG org.apache.camel.support.ResolverHelper - Found InternalProcessorFactory: org.apache.camel.processor.DefaultInternalProcessorFactory via: META-INF/services/org/apache/camel/internal-processor-factory
20:01:42.740 [main] DEBUG org.apache.camel.support.ResolverHelper - Detected and using InternalProcessorFactory: org.apache.camel.processor.DefaultInternalProcessorFactory@671d03bb
20:01:42.805 [main] DEBUG org.springframework.beans.factory.support.DefaultListableBeanFactory - Creating shared instance of singleton bean 'loanService'
20:01:42.807 [main] DEBUG org.springframework.beans.factory.support.DefaultListableBeanFactory - Creating shared instance of singleton bean 'loanMapper'
20:01:42.824 [main] DEBUG org.springframework.beans.factory.support.DefaultListableBeanFactory - Creating shared instance of singleton bean 'investmentService'
20:01:42.825 [main] DEBUG org.springframework.beans.factory.support.DefaultListableBeanFactory - Creating shared instance of singleton bean 'investmentMapper'
20:01:42.912 [main] DEBUG org.springframework.beans.factory.support.DefaultListableBeanFactory - Creating shared instance of singleton bean 'bankingCamelRoutes'
20:01:42.954 [main] DEBUG org.springframework.beans.factory.support.DefaultListableBeanFactory - Creating shared instance of singleton bean 'authResource'
20:01:42.972 [main] DEBUG org.springframework.beans.factory.support.DefaultListableBeanFactory - Creating shared instance of singleton bean 'accountResource'
20:01:42.979 [main] DEBUG org.springframework.beans.factory.support.DefaultListableBeanFactory - Creating shared instance of singleton bean 'loanResource'
20:01:42.987 [main] DEBUG org.springframework.beans.factory.support.DefaultListableBeanFactory - Creating shared instance of singleton bean 'investmentResource'
20:01:42.995 [main] DEBUG org.springframework.beans.factory.support.DefaultListableBeanFactory - Creating shared instance of singleton bean 'fluentTemplate'
20:01:43.002 [main] DEBUG org.springframework.beans.factory.support.DefaultListableBeanFactory - Creating shared instance of singleton bean 'consumerTemplate'
20:01:43.108 [main] DEBUG org.apache.camel.core.xml.AbstractCamelContextFactoryBean - Setting up routes
20:01:43.160 [main] DEBUG org.apache.camel.core.xml.AbstractCamelContextFactoryBean - Found JAXB created routes: [Route(transactionAuditRoute)[From[direct:auditTransaction] -> [Log[[CAMEL AUDIT LOG] Transaction Reference: ${body.transactionReference}, Account: ${body.accountId}, Amount: ${body.amount}, Type: ${body.transactionType}], Choice[[When[simple{${body.amount} > 10000} -> [Log[[HIGH VALUE ALERT] Transaction ${body.transactionReference} exceeds \$10,000 threshold! Sent to Compliance.]]]]]]], Route(loanReviewRoute)[From[direct:reviewLoan] -> [Log[[CAMEL LOAN REVIEW] Evaluating Loan Application Number: ${body.loanNumber} for User: ${body.userId}], Bean[ref:loanService method:evaluateLoanEligibility]]]]
20:01:43.171 [main] DEBUG org.apache.camel.impl.engine.AbstractCamelContext - Adding routes from builder: Routes: []
20:01:43.191 [main] DEBUG org.apache.camel.support.ResolverHelper - Found PropertiesComponent: org.apache.camel.component.properties.PropertiesComponent via: META-INF/services/org/apache/camel/properties-component-factory
20:01:43.256 [main] DEBUG org.apache.camel.support.ResolverHelper - Detected and using PropertiesComponent: org.apache.camel.component.properties.PropertiesComponent@12219f6a
20:01:43.305 [main] DEBUG org.apache.camel.impl.engine.AbstractCamelContext - Resolving language: simple
20:01:43.307 [main] DEBUG org.apache.camel.support.ResolverHelper - Lookup Language with name simple in registry. Found: null
20:01:43.308 [main] DEBUG org.apache.camel.support.ResolverHelper - Lookup Language with name simple-language in registry. Found: null
20:01:43.332 [main] DEBUG org.apache.camel.language.simple.SimpleLanguage - Simple language predicate/expression cache size: 1000
20:01:43.446 [main] DEBUG org.apache.camel.impl.engine.AbstractCamelContext - Using ComponentResolver: org.apache.camel.impl.engine.DefaultComponentResolver@1a1ccaaf to resolve component with name: direct
20:01:43.447 [main] DEBUG org.apache.camel.support.ResolverHelper - Lookup Component with name direct in registry. Found: null
20:01:43.447 [main] DEBUG org.apache.camel.support.ResolverHelper - Lookup Component with name direct-component in registry. Found: null
20:01:43.452 [main] DEBUG org.apache.camel.impl.engine.DefaultComponentResolver - Found component: direct via type: org.apache.camel.component.direct.DirectComponent via: META-INF/services/org/apache/camel/component/direct
20:01:43.468 [main] DEBUG org.apache.camel.impl.engine.DefaultConfigurerResolver - Found configurer: direct-component via type: org.apache.camel.component.direct.DirectComponentConfigurer via: META-INF/services/org/apache/camel/configurer/direct-component
20:01:43.472 [main] DEBUG org.apache.camel.impl.engine.DefaultConfigurerResolver - Found configurer: direct-endpoint via type: org.apache.camel.component.direct.DirectEndpointConfigurer via: META-INF/services/org/apache/camel/configurer/direct-endpoint
20:01:43.477 [main] DEBUG org.apache.camel.impl.engine.DefaultConfigurerResolver - Found configurer: direct-component via type: org.apache.camel.component.direct.DirectComponentConfigurer via: META-INF/services/org/apache/camel/configurer/direct-component
20:01:43.479 [main] DEBUG org.apache.camel.support.DefaultComponent - Creating endpoint uri=[direct://auditTransaction], path=[auditTransaction]
20:01:43.494 [main] DEBUG org.apache.camel.impl.engine.AbstractCamelContext - direct://auditTransaction converted to endpoint: direct://auditTransaction by component: org.apache.camel.component.direct.DirectComponent@2e7af36e
20:01:43.523 [main] DEBUG org.apache.camel.support.ResolverHelper - Found ProcessorFactory: org.apache.camel.processor.DefaultProcessorFactory via: META-INF/services/org/apache/camel/processor-factory
20:01:43.525 [main] DEBUG org.apache.camel.support.ResolverHelper - Detected and using ProcessorFactory: org.apache.camel.processor.DefaultProcessorFactory@4b87074a
20:01:43.529 [main] DEBUG org.apache.camel.impl.engine.AbstractCamelContext - Resolving language: simple
20:01:43.587 [main] DEBUG org.apache.camel.impl.engine.AbstractCamelContext - Resolving language: bean
20:01:43.588 [main] DEBUG org.apache.camel.support.ResolverHelper - Lookup Language with name bean in registry. Found: null
20:01:43.588 [main] DEBUG org.apache.camel.support.ResolverHelper - Lookup Language with name bean-language in registry. Found: null
20:01:43.608 [main] DEBUG org.apache.camel.impl.engine.AbstractCamelContext - Using ComponentResolver: org.apache.camel.impl.engine.DefaultComponentResolver@1a1ccaaf to resolve component with name: bean
20:01:43.609 [main] DEBUG org.apache.camel.support.ResolverHelper - Lookup Component with name bean in registry. Found: null
20:01:43.610 [main] DEBUG org.apache.camel.support.ResolverHelper - Lookup Component with name bean-component in registry. Found: null
20:01:43.612 [main] DEBUG org.apache.camel.impl.engine.DefaultComponentResolver - Found component: bean via type: org.apache.camel.component.bean.BeanComponent via: META-INF/services/org/apache/camel/component/bean
20:01:43.626 [main] DEBUG org.apache.camel.impl.engine.DefaultConfigurerResolver - Found configurer: bean-component via type: org.apache.camel.component.bean.BeanComponentConfigurer via: META-INF/services/org/apache/camel/configurer/bean-component
20:01:43.630 [main] DEBUG org.apache.camel.impl.engine.DefaultConfigurerResolver - Found configurer: bean-endpoint via type: org.apache.camel.component.bean.BeanEndpointConfigurer via: META-INF/services/org/apache/camel/configurer/bean-endpoint
20:01:43.633 [main] DEBUG org.apache.camel.impl.engine.DefaultConfigurerResolver - Found configurer: bean-component via type: org.apache.camel.component.bean.BeanComponentConfigurer via: META-INF/services/org/apache/camel/configurer/bean-component
20:01:43.652 [main] DEBUG org.apache.camel.impl.engine.AbstractCamelContext - Resolving language: simple
20:01:43.663 [main] DEBUG org.apache.camel.impl.engine.AbstractCamelContext - Resolving language: bean
20:01:43.663 [main] DEBUG org.apache.camel.impl.engine.AbstractCamelContext - Resolving language: bean
20:01:43.664 [main] DEBUG org.apache.camel.impl.engine.AbstractCamelContext - Resolving language: bean
20:01:43.667 [main] DEBUG org.apache.camel.reifier.LogReifier - LogName is not configured, using route id as logName: transactionAuditRoute
20:01:43.739 [main] DEBUG org.apache.camel.impl.engine.AbstractCamelContext - Resolving language: simple
20:01:43.741 [main] DEBUG org.apache.camel.reifier.LogReifier - LogName is not configured, using route id as logName: transactionAuditRoute
20:01:43.797 [main] DEBUG org.apache.camel.impl.engine.AbstractCamelContext - Resolving language: simple
20:01:43.859 [main] DEBUG org.apache.camel.support.DefaultComponent - Creating endpoint uri=[direct://reviewLoan], path=[reviewLoan]
20:01:43.860 [main] DEBUG org.apache.camel.impl.engine.AbstractCamelContext - direct://reviewLoan converted to endpoint: direct://reviewLoan by component: org.apache.camel.component.direct.DirectComponent@2e7af36e
20:01:43.861 [main] DEBUG org.apache.camel.impl.engine.AbstractCamelContext - Resolving language: simple
20:01:43.862 [main] DEBUG org.apache.camel.impl.engine.AbstractCamelContext - Resolving language: bean
20:01:43.862 [main] DEBUG org.apache.camel.impl.engine.AbstractCamelContext - Resolving language: bean
20:01:43.863 [main] DEBUG org.apache.camel.reifier.LogReifier - LogName is not configured, using route id as logName: loanReviewRoute
20:01:43.920 [main] DEBUG org.apache.camel.support.ResolverHelper - Found BeanProcessorFactory: org.apache.camel.component.bean.DefaultBeanProcessorFactory via: META-INF/services/org/apache/camel/bean-processor-factory
20:01:43.969 [main] DEBUG org.apache.camel.support.ResolverHelper - Detected and using BeanProcessorFactory: org.apache.camel.component.bean.DefaultBeanProcessorFactory@6637a365
20:01:44.038 [main] DEBUG org.apache.camel.support.DefaultComponent - Creating endpoint uri=[direct://userLogin], path=[userLogin]
20:01:44.039 [main] DEBUG org.apache.camel.impl.engine.AbstractCamelContext - direct://userLogin converted to endpoint: direct://userLogin by component: org.apache.camel.component.direct.DirectComponent@2e7af36e
20:01:44.040 [main] DEBUG org.apache.camel.impl.engine.AbstractCamelContext - Resolving language: simple
20:01:44.042 [main] DEBUG org.apache.camel.impl.engine.AbstractCamelContext - Resolving language: bean
20:01:44.043 [main] DEBUG org.apache.camel.reifier.LogReifier - LogName is not configured, using route id as logName: userLoginRoute
20:01:44.045 [main] DEBUG org.apache.camel.impl.engine.AbstractCamelContext - Resolving language: simple
20:01:44.047 [main] DEBUG org.apache.camel.reifier.LogReifier - LogName is not configured, using route id as logName: userLoginRoute
20:01:44.050 [main] DEBUG org.apache.camel.support.DefaultComponent - Creating endpoint uri=[direct://fetchAccountBalance], path=[fetchAccountBalance]
20:01:44.051 [main] DEBUG org.apache.camel.impl.engine.AbstractCamelContext - direct://fetchAccountBalance converted to endpoint: direct://fetchAccountBalance by component: org.apache.camel.component.direct.DirectComponent@2e7af36e
20:01:44.052 [main] DEBUG org.apache.camel.impl.engine.AbstractCamelContext - Resolving language: simple
20:01:44.066 [main] DEBUG org.apache.camel.reifier.LogReifier - LogName is not configured, using route id as logName: fetchAccountBalanceRoute
20:01:44.074 [main] DEBUG org.apache.camel.impl.engine.AbstractCamelContext - Resolving language: simple
20:01:44.076 [main] DEBUG org.apache.camel.reifier.LogReifier - LogName is not configured, using route id as logName: fetchAccountBalanceRoute
20:01:44.078 [main] DEBUG org.apache.camel.support.DefaultComponent - Creating endpoint uri=[direct://processWithdrawal], path=[processWithdrawal]
20:01:44.079 [main] DEBUG org.apache.camel.impl.engine.AbstractCamelContext - direct://processWithdrawal converted to endpoint: direct://processWithdrawal by component: org.apache.camel.component.direct.DirectComponent@2e7af36e
20:01:44.081 [main] DEBUG org.apache.camel.impl.engine.AbstractCamelContext - Resolving language: simple
20:01:44.099 [main] DEBUG org.apache.camel.impl.engine.AbstractCamelContext - Resolving language: bean
20:01:44.100 [main] DEBUG org.apache.camel.impl.engine.AbstractCamelContext - Resolving language: bean
20:01:44.100 [main] DEBUG org.apache.camel.reifier.LogReifier - LogName is not configured, using route id as logName: processWithdrawalRoute
20:01:44.108 [main] DEBUG org.apache.camel.support.DefaultComponent - Creating endpoint uri=[direct://applyForLoan], path=[applyForLoan]
20:01:44.109 [main] DEBUG org.apache.camel.impl.engine.AbstractCamelContext - direct://applyForLoan converted to endpoint: direct://applyForLoan by component: org.apache.camel.component.direct.DirectComponent@2e7af36e
20:01:44.110 [main] DEBUG org.apache.camel.impl.engine.AbstractCamelContext - Resolving language: simple
20:01:44.111 [main] DEBUG org.apache.camel.impl.engine.AbstractCamelContext - Resolving language: bean
20:01:44.111 [main] DEBUG org.apache.camel.impl.engine.AbstractCamelContext - Resolving language: bean
20:01:44.111 [main] DEBUG org.apache.camel.reifier.LogReifier - LogName is not configured, using route id as logName: applyForLoanRoute
20:01:44.113 [main] DEBUG org.apache.camel.support.DefaultComponent - Creating endpoint uri=[direct://purchaseMutualFund], path=[purchaseMutualFund]
20:01:44.114 [main] DEBUG org.apache.camel.impl.engine.AbstractCamelContext - direct://purchaseMutualFund converted to endpoint: direct://purchaseMutualFund by component: org.apache.camel.component.direct.DirectComponent@2e7af36e
20:01:44.115 [main] DEBUG org.apache.camel.impl.engine.AbstractCamelContext - Resolving language: simple
20:01:44.116 [main] DEBUG org.apache.camel.impl.engine.AbstractCamelContext - Resolving language: bean
20:01:44.117 [main] DEBUG org.apache.camel.reifier.LogReifier - LogName is not configured, using route id as logName: purchaseMutualFundRoute
20:01:44.125 [main] DEBUG org.apache.camel.impl.engine.InternalRouteStartupManager - Initializing route id: transactionAuditRoute
20:01:44.136 [main] DEBUG org.apache.camel.impl.engine.InternalRouteStartupManager - Initializing route id: loanReviewRoute
20:01:44.137 [main] DEBUG org.apache.camel.impl.engine.InternalRouteStartupManager - Initializing route id: userLoginRoute
20:01:44.138 [main] DEBUG org.apache.camel.impl.engine.InternalRouteStartupManager - Initializing route id: fetchAccountBalanceRoute
20:01:44.138 [main] DEBUG org.apache.camel.impl.engine.InternalRouteStartupManager - Initializing route id: processWithdrawalRoute
20:01:44.138 [main] DEBUG org.apache.camel.impl.engine.InternalRouteStartupManager - Initializing route id: applyForLoanRoute
20:01:44.139 [main] DEBUG org.apache.camel.impl.engine.InternalRouteStartupManager - Initializing route id: purchaseMutualFundRoute
20:01:44.141 [main] DEBUG org.apache.camel.impl.engine.AbstractCamelContext - Apache Camel 3.22.2 (bankingCamelContext) initialized in 960ms
20:01:44.141 [main] INFO org.apache.camel.impl.engine.AbstractCamelContext - Apache Camel 3.22.2 (bankingCamelContext) is starting
20:01:44.142 [main] DEBUG org.apache.camel.impl.engine.AbstractCamelContext - Using ClassResolver=org.apache.camel.impl.engine.DefaultClassResolver@7e3236d, PackageScanClassResolver=org.apache.camel.impl.engine.DefaultPackageScanClassResolver@38a4e2b0, ApplicationContextClassLoader=jdk.internal.loader.ClassLoaders$AppClassLoader@73d16e93, RouteController=org.apache.camel.impl.engine.DefaultRouteController@14c99bf6
20:01:44.142 [main] DEBUG org.apache.camel.impl.engine.AbstractCamelContext - StreamCaching is disabled on CamelContext: bankingCamelContext
20:01:44.146 [main] DEBUG org.apache.camel.impl.engine.AbstractCamelContext - Using HeadersMapFactory: org.apache.camel.impl.engine.DefaultHeadersMapFactory@31b0f02
20:01:44.147 [main] DEBUG org.apache.camel.impl.engine.AbstractCamelContext - Using ReactiveExecutor: org.apache.camel.impl.engine.DefaultReactiveExecutor@19ae2ee5
20:01:44.147 [main] DEBUG org.apache.camel.impl.engine.AbstractCamelContext - Using ThreadPoolFactory: org.apache.camel.support.DefaultThreadPoolFactory@44b940a2
20:01:44.147 [main] DEBUG org.apache.camel.impl.engine.AbstractCamelContext - Using HealthCheck: camel-health
20:01:44.149 [main] DEBUG org.apache.camel.impl.engine.InternalRouteStartupManager - Warming up route id: transactionAuditRoute having autoStartup=true
20:01:44.152 [main] DEBUG org.apache.camel.impl.engine.InternalRouteStartupManager - Warming up route id: loanReviewRoute having autoStartup=true
20:01:44.152 [main] DEBUG org.apache.camel.impl.engine.InternalRouteStartupManager - Warming up route id: userLoginRoute having autoStartup=true
20:01:44.152 [main] DEBUG org.apache.camel.impl.engine.InternalRouteStartupManager - Warming up route id: fetchAccountBalanceRoute having autoStartup=true
20:01:44.153 [main] DEBUG org.apache.camel.impl.engine.InternalRouteStartupManager - Warming up route id: processWithdrawalRoute having autoStartup=true
20:01:44.157 [main] DEBUG org.apache.camel.impl.engine.InternalRouteStartupManager - Warming up route id: applyForLoanRoute having autoStartup=true
20:01:44.158 [main] DEBUG org.apache.camel.impl.engine.InternalRouteStartupManager - Warming up route id: purchaseMutualFundRoute having autoStartup=true
20:01:44.160 [main] DEBUG org.apache.camel.impl.engine.DefaultStreamCachingStrategy - StreamCaching configuration DefaultStreamCachingStrategy[spoolDirectoryEnabled=false, spoolDirectory=null, spoolCipher=null, spoolThreshold=131072, spoolUsedHeapMemoryThreshold=0, bufferSize=4096, anySpoolRules=false]
20:01:44.193 [main] DEBUG org.apache.camel.impl.engine.DefaultStreamCachingStrategy - StreamCaching in use
20:01:44.194 [main] DEBUG org.apache.camel.impl.engine.InternalRouteStartupManager - Route: transactionAuditRoute >>> Route[direct://auditTransaction -> null]
20:01:44.195 [main] DEBUG org.apache.camel.impl.engine.InternalRouteStartupManager - Starting consumer (order: 1000) on route: transactionAuditRoute
20:01:44.195 [main] DEBUG org.apache.camel.support.DefaultConsumer - Build consumer: Consumer[direct://auditTransaction]
20:01:44.217 [main] DEBUG org.apache.camel.support.DefaultConsumer - Init consumer: Consumer[direct://auditTransaction]
20:01:44.217 [main] DEBUG org.apache.camel.support.DefaultConsumer - Starting consumer: Consumer[direct://auditTransaction]
20:01:44.220 [main] DEBUG org.apache.camel.impl.engine.InternalRouteStartupManager - Route: transactionAuditRoute started and consuming from: direct://auditTransaction
20:01:44.223 [main] DEBUG org.apache.camel.impl.engine.InternalRouteStartupManager - Route: loanReviewRoute >>> Route[direct://reviewLoan -> null]
20:01:44.223 [main] DEBUG org.apache.camel.impl.engine.InternalRouteStartupManager - Starting consumer (order: 1001) on route: loanReviewRoute
20:01:44.224 [main] DEBUG org.apache.camel.support.DefaultConsumer - Build consumer: Consumer[direct://reviewLoan]
20:01:44.224 [main] DEBUG org.apache.camel.support.DefaultConsumer - Init consumer: Consumer[direct://reviewLoan]
20:01:44.224 [main] DEBUG org.apache.camel.support.DefaultConsumer - Starting consumer: Consumer[direct://reviewLoan]
20:01:44.224 [main] DEBUG org.apache.camel.impl.engine.InternalRouteStartupManager - Route: loanReviewRoute started and consuming from: direct://reviewLoan
20:01:44.225 [main] DEBUG org.apache.camel.impl.engine.InternalRouteStartupManager - Route: userLoginRoute >>> Route[direct://userLogin -> null]
20:01:44.225 [main] DEBUG org.apache.camel.impl.engine.InternalRouteStartupManager - Starting consumer (order: 1002) on route: userLoginRoute
20:01:44.225 [main] DEBUG org.apache.camel.support.DefaultConsumer - Build consumer: Consumer[direct://userLogin]
20:01:44.225 [main] DEBUG org.apache.camel.support.DefaultConsumer - Init consumer: Consumer[direct://userLogin]
20:01:44.226 [main] DEBUG org.apache.camel.support.DefaultConsumer - Starting consumer: Consumer[direct://userLogin]
20:01:44.226 [main] DEBUG org.apache.camel.impl.engine.InternalRouteStartupManager - Route: userLoginRoute started and consuming from: direct://userLogin
20:01:44.226 [main] DEBUG org.apache.camel.impl.engine.InternalRouteStartupManager - Route: fetchAccountBalanceRoute >>> Route[direct://fetchAccountBalance -> null]
20:01:44.226 [main] DEBUG org.apache.camel.impl.engine.InternalRouteStartupManager - Starting consumer (order: 1003) on route: fetchAccountBalanceRoute
20:01:44.227 [main] DEBUG org.apache.camel.support.DefaultConsumer - Build consumer: Consumer[direct://fetchAccountBalance]
20:01:44.227 [main] DEBUG org.apache.camel.support.DefaultConsumer - Init consumer: Consumer[direct://fetchAccountBalance]
20:01:44.227 [main] DEBUG org.apache.camel.support.DefaultConsumer - Starting consumer: Consumer[direct://fetchAccountBalance]
20:01:44.227 [main] DEBUG org.apache.camel.impl.engine.InternalRouteStartupManager - Route: fetchAccountBalanceRoute started and consuming from: direct://fetchAccountBalance
20:01:44.228 [main] DEBUG org.apache.camel.impl.engine.InternalRouteStartupManager - Route: processWithdrawalRoute >>> Route[direct://processWithdrawal -> null]
20:01:44.228 [main] DEBUG org.apache.camel.impl.engine.InternalRouteStartupManager - Starting consumer (order: 1004) on route: processWithdrawalRoute
20:01:44.228 [main] DEBUG org.apache.camel.support.DefaultConsumer - Build consumer: Consumer[direct://processWithdrawal]
20:01:44.229 [main] DEBUG org.apache.camel.support.DefaultConsumer - Init consumer: Consumer[direct://processWithdrawal]
20:01:44.229 [main] DEBUG org.apache.camel.support.DefaultConsumer - Starting consumer: Consumer[direct://processWithdrawal]
20:01:44.229 [main] DEBUG org.apache.camel.impl.engine.InternalRouteStartupManager - Route: processWithdrawalRoute started and consuming from: direct://processWithdrawal
20:01:44.229 [main] DEBUG org.apache.camel.impl.engine.InternalRouteStartupManager - Route: applyForLoanRoute >>> Route[direct://applyForLoan -> null]
20:01:44.230 [main] DEBUG org.apache.camel.impl.engine.InternalRouteStartupManager - Starting consumer (order: 1005) on route: applyForLoanRoute
20:01:44.230 [main] DEBUG org.apache.camel.support.DefaultConsumer - Build consumer: Consumer[direct://applyForLoan]
20:01:44.230 [main] DEBUG org.apache.camel.support.DefaultConsumer - Init consumer: Consumer[direct://applyForLoan]
20:01:44.230 [main] DEBUG org.apache.camel.support.DefaultConsumer - Starting consumer: Consumer[direct://applyForLoan]
20:01:44.230 [main] DEBUG org.apache.camel.impl.engine.InternalRouteStartupManager - Route: applyForLoanRoute started and consuming from: direct://applyForLoan
20:01:44.231 [main] DEBUG org.apache.camel.impl.engine.InternalRouteStartupManager - Route: purchaseMutualFundRoute >>> Route[direct://purchaseMutualFund -> null]
20:01:44.231 [main] DEBUG org.apache.camel.impl.engine.InternalRouteStartupManager - Starting consumer (order: 1006) on route: purchaseMutualFundRoute
20:01:44.231 [main] DEBUG org.apache.camel.support.DefaultConsumer - Build consumer: Consumer[direct://purchaseMutualFund]
20:01:44.232 [main] DEBUG org.apache.camel.support.DefaultConsumer - Init consumer: Consumer[direct://purchaseMutualFund]
20:01:44.232 [main] DEBUG org.apache.camel.support.DefaultConsumer - Starting consumer: Consumer[direct://purchaseMutualFund]
20:01:44.232 [main] DEBUG org.apache.camel.impl.engine.InternalRouteStartupManager - Route: purchaseMutualFundRoute started and consuming from: direct://purchaseMutualFund
20:01:44.238 [main] INFO org.apache.camel.impl.engine.AbstractCamelContext - Routes startup (started:7)
20:01:44.240 [main] INFO org.apache.camel.impl.engine.AbstractCamelContext -     Started transactionAuditRoute (direct://auditTransaction)
20:01:44.241 [main] INFO org.apache.camel.impl.engine.AbstractCamelContext -     Started loanReviewRoute (direct://reviewLoan)
20:01:44.241 [main] INFO org.apache.camel.impl.engine.AbstractCamelContext -     Started userLoginRoute (direct://userLogin)
20:01:44.242 [main] INFO org.apache.camel.impl.engine.AbstractCamelContext -     Started fetchAccountBalanceRoute (direct://fetchAccountBalance)
20:01:44.242 [main] INFO org.apache.camel.impl.engine.AbstractCamelContext -     Started processWithdrawalRoute (direct://processWithdrawal)
20:01:44.242 [main] INFO org.apache.camel.impl.engine.AbstractCamelContext -     Started applyForLoanRoute (direct://applyForLoan)
20:01:44.242 [main] INFO org.apache.camel.impl.engine.AbstractCamelContext -     Started purchaseMutualFundRoute (direct://purchaseMutualFund)
20:01:44.242 [main] INFO org.apache.camel.impl.engine.AbstractCamelContext - Apache Camel 3.22.2 (bankingCamelContext) started in 1s733ms (build:673ms init:960ms start:100ms)
20:01:44.248 [main] DEBUG org.apache.camel.impl.DefaultCamelContext - start() took 1067 millis
20:01:44.248 [main] DEBUG org.apache.camel.spring.SpringCamelContext - onApplicationEvent: org.springframework.context.event.ContextRefreshedEvent[source=org.springframework.context.support.GenericApplicationContext@626abbd0, started on Sun Aug 16 20:01:36 IST 2026]
20:01:44.299 [main] DEBUG org.springframework.test.context.cache.DefaultCacheAwareContextLoaderDelegate - Storing ApplicationContext [1651162064] in cache under key [[MergedContextConfiguration@72bc6553 testClass = BankingApplicationTest, locations = '{classpath:applicationContext.xml}', classes = '{}', contextInitializerClasses = '[]', activeProfiles = '{}', propertySourceLocations = '{}', propertySourceProperties = '{}', contextCustomizers = set[[empty]], contextLoader = 'org.springframework.test.context.support.DelegatingSmartContextLoader', parent = [null]]]
20:01:44.300 [main] DEBUG org.springframework.test.context.cache - Spring test ApplicationContext cache statistics: [DefaultContextCache@4026461d size = 1, maxSize = 32, parentContextCount = 0, hitCount = 0, missCount = 1]
20:01:44.328 [main] DEBUG org.springframework.test.context.cache.DefaultCacheAwareContextLoaderDelegate - Retrieved ApplicationContext [1651162064] from cache with key [[MergedContextConfiguration@72bc6553 testClass = BankingApplicationTest, locations = '{classpath:applicationContext.xml}', classes = '{}', contextInitializerClasses = '[]', activeProfiles = '{}', propertySourceLocations = '{}', propertySourceProperties = '{}', contextCustomizers = set[[empty]], contextLoader = 'org.springframework.test.context.support.DelegatingSmartContextLoader', parent = [null]]]
20:01:44.328 [main] DEBUG org.springframework.test.context.cache - Spring test ApplicationContext cache statistics: [DefaultContextCache@4026461d size = 1, maxSize = 32, parentContextCount = 0, hitCount = 1, missCount = 1]
20:01:44.329 [main] DEBUG org.apache.camel.spring.SpringCamelContext - onApplicationEvent: org.springframework.test.context.event.PrepareTestInstanceEvent[source=[DefaultTestContext@536f2a7e testClass = BankingApplicationTest, testInstance = com.bank.BankingApplicationTest@15888343, testMethod = [null], testException = [null], mergedContextConfiguration = [MergedContextConfiguration@72bc6553 testClass = BankingApplicationTest, locations = '{classpath:applicationContext.xml}', classes = '{}', contextInitializerClasses = '[]', activeProfiles = '{}', propertySourceLocations = '{}', propertySourceProperties = '{}', contextCustomizers = set[[empty]], contextLoader = 'org.springframework.test.context.support.DelegatingSmartContextLoader', parent = [null]], attributes = map['org.springframework.test.context.event.ApplicationEventsTestExecutionListener.recordApplicationEvents' -> false]]]
20:01:44.359 [main] DEBUG org.springframework.test.context.support.AbstractDirtiesContextTestExecutionListener - Before test method: context [DefaultTestContext@536f2a7e testClass = BankingApplicationTest, testInstance = com.bank.BankingApplicationTest@15888343, testMethod = testInvestmentResourceBuy@BankingApplicationTest, testException = [null], mergedContextConfiguration = [MergedContextConfiguration@72bc6553 testClass = BankingApplicationTest, locations = '{classpath:applicationContext.xml}', classes = '{}', contextInitializerClasses = '[]', activeProfiles = '{}', propertySourceLocations = '{}', propertySourceProperties = '{}', contextCustomizers = set[[empty]], contextLoader = 'org.springframework.test.context.support.DelegatingSmartContextLoader', parent = [null]], attributes = map['org.springframework.test.context.event.ApplicationEventsTestExecutionListener.recordApplicationEvents' -> false]], class annotated with @DirtiesContext [false] with mode [null], method annotated with @DirtiesContext [false] with mode [null].
20:01:44.391 [main] DEBUG org.springframework.test.context.cache.DefaultCacheAwareContextLoaderDelegate - Retrieved ApplicationContext [1651162064] from cache with key [[MergedContextConfiguration@72bc6553 testClass = BankingApplicationTest, locations = '{classpath:applicationContext.xml}', classes = '{}', contextInitializerClasses = '[]', activeProfiles = '{}', propertySourceLocations = '{}', propertySourceProperties = '{}', contextCustomizers = set[[empty]], contextLoader = 'org.springframework.test.context.support.DelegatingSmartContextLoader', parent = [null]]]
20:01:44.392 [main] DEBUG org.springframework.test.context.cache - Spring test ApplicationContext cache statistics: [DefaultContextCache@4026461d size = 1, maxSize = 32, parentContextCount = 0, hitCount = 2, missCount = 1]
20:01:44.392 [main] DEBUG org.apache.camel.spring.SpringCamelContext - onApplicationEvent: org.springframework.test.context.event.BeforeTestMethodEvent[source=[DefaultTestContext@536f2a7e testClass = BankingApplicationTest, testInstance = com.bank.BankingApplicationTest@15888343, testMethod = testInvestmentResourceBuy@BankingApplicationTest, testException = [null], mergedContextConfiguration = [MergedContextConfiguration@72bc6553 testClass = BankingApplicationTest, locations = '{classpath:applicationContext.xml}', classes = '{}', contextInitializerClasses = '[]', activeProfiles = '{}', propertySourceLocations = '{}', propertySourceProperties = '{}', contextCustomizers = set[[empty]], contextLoader = 'org.springframework.test.context.support.DelegatingSmartContextLoader', parent = [null]], attributes = map['org.springframework.test.context.event.ApplicationEventsTestExecutionListener.recordApplicationEvents' -> false]]]
20:01:44.399 [main] DEBUG org.springframework.test.context.cache.DefaultCacheAwareContextLoaderDelegate - Retrieved ApplicationContext [1651162064] from cache with key [[MergedContextConfiguration@72bc6553 testClass = BankingApplicationTest, locations = '{classpath:applicationContext.xml}', classes = '{}', contextInitializerClasses = '[]', activeProfiles = '{}', propertySourceLocations = '{}', propertySourceProperties = '{}', contextCustomizers = set[[empty]], contextLoader = 'org.springframework.test.context.support.DelegatingSmartContextLoader', parent = [null]]]
20:01:44.399 [main] DEBUG org.springframework.test.context.cache - Spring test ApplicationContext cache statistics: [DefaultContextCache@4026461d size = 1, maxSize = 32, parentContextCount = 0, hitCount = 3, missCount = 1]
20:01:44.400 [main] DEBUG org.apache.camel.spring.SpringCamelContext - onApplicationEvent: org.springframework.test.context.event.BeforeTestExecutionEvent[source=[DefaultTestContext@536f2a7e testClass = BankingApplicationTest, testInstance = com.bank.BankingApplicationTest@15888343, testMethod = testInvestmentResourceBuy@BankingApplicationTest, testException = [null], mergedContextConfiguration = [MergedContextConfiguration@72bc6553 testClass = BankingApplicationTest, locations = '{classpath:applicationContext.xml}', classes = '{}', contextInitializerClasses = '[]', activeProfiles = '{}', propertySourceLocations = '{}', propertySourceProperties = '{}', contextCustomizers = set[[empty]], contextLoader = 'org.springframework.test.context.support.DelegatingSmartContextLoader', parent = [null]], attributes = map['org.springframework.test.context.event.ApplicationEventsTestExecutionListener.recordApplicationEvents' -> false]]]
20:01:44.448 [main] DEBUG org.mybatis.spring.SqlSessionUtils - Creating a new SqlSession
20:01:44.461 [main] DEBUG org.mybatis.spring.SqlSessionUtils - SqlSession [org.apache.ibatis.session.defaults.DefaultSqlSession@44d7e24] was not registered for synchronization because synchronization is not active
20:01:44.479 [main] DEBUG org.springframework.jdbc.datasource.DataSourceUtils - Fetching JDBC Connection from DataSource
20:01:44.479 [main] DEBUG org.springframework.jdbc.datasource.SimpleDriverDataSource - Creating new JDBC Driver Connection to [jdbc:h2:mem:dataSource;DB_CLOSE_DELAY=-1;DB_CLOSE_ON_EXIT=false]
20:01:44.482 [main] DEBUG org.mybatis.spring.transaction.SpringManagedTransaction - JDBC Connection [conn1: url=jdbc:h2:mem:dataSource user=SA] will not be managed by Spring
20:01:44.504 [main] DEBUG com.bank.mapper.InvestmentMapper.findFundByCode - ==>  Preparing: SELECT id, fund_code, fund_name, category, nav, risk_level FROM mutual_funds WHERE fund_code = ?
20:01:44.575 [main] DEBUG com.bank.mapper.InvestmentMapper.findFundByCode - ==> Parameters: MF-EQ-001(String)
20:01:44.688 [main] DEBUG com.bank.mapper.InvestmentMapper.findFundByCode - <==      Total: 1
20:01:44.699 [main] DEBUG org.mybatis.spring.SqlSessionUtils - Closing non transactional SqlSession [org.apache.ibatis.session.defaults.DefaultSqlSession@44d7e24]
20:01:44.702 [main] DEBUG org.mybatis.spring.SqlSessionUtils - Creating a new SqlSession
20:01:44.703 [main] DEBUG org.mybatis.spring.SqlSessionUtils - SqlSession [org.apache.ibatis.session.defaults.DefaultSqlSession@6629643d] was not registered for synchronization because synchronization is not active
20:01:44.704 [main] DEBUG org.springframework.jdbc.datasource.DataSourceUtils - Fetching JDBC Connection from DataSource
20:01:44.704 [main] DEBUG org.springframework.jdbc.datasource.SimpleDriverDataSource - Creating new JDBC Driver Connection to [jdbc:h2:mem:dataSource;DB_CLOSE_DELAY=-1;DB_CLOSE_ON_EXIT=false]
20:01:44.709 [main] DEBUG org.mybatis.spring.transaction.SpringManagedTransaction - JDBC Connection [conn2: url=jdbc:h2:mem:dataSource user=SA] will not be managed by Spring
20:01:44.709 [main] DEBUG com.bank.mapper.InvestmentMapper.insertInvestment - ==>  Preparing: INSERT INTO investments (user_id, fund_id, units, invested_amount, current_value, investment_type, status) VALUES (?, ?, ?, ?, ?, ?, ?)
20:01:44.711 [main] DEBUG com.bank.mapper.InvestmentMapper.insertInvestment - ==> Parameters: 2(Long), 1(Long), 10.0000(BigDecimal), 1425.00(BigDecimal), 1425.00(BigDecimal), SIP(String), ACTIVE(String)
20:01:44.714 [main] DEBUG com.bank.mapper.InvestmentMapper.insertInvestment - <==    Updates: 1
20:01:44.719 [main] DEBUG org.mybatis.spring.SqlSessionUtils - Closing non transactional SqlSession [org.apache.ibatis.session.defaults.DefaultSqlSession@6629643d]
20:01:44.719 [main] INFO com.bank.service.InvestmentServiceImpl - Purchased 10.0000 units of MF-EQ-001 for User ID 2. Amount: 1425.00
20:01:44.720 [main] DEBUG org.mybatis.spring.SqlSessionUtils - Creating a new SqlSession
20:01:44.720 [main] DEBUG org.mybatis.spring.SqlSessionUtils - SqlSession [org.apache.ibatis.session.defaults.DefaultSqlSession@50bc3219] was not registered for synchronization because synchronization is not active
20:01:44.720 [main] DEBUG org.springframework.jdbc.datasource.DataSourceUtils - Fetching JDBC Connection from DataSource
20:01:44.721 [main] DEBUG org.springframework.jdbc.datasource.SimpleDriverDataSource - Creating new JDBC Driver Connection to [jdbc:h2:mem:dataSource;DB_CLOSE_DELAY=-1;DB_CLOSE_ON_EXIT=false]
20:01:44.722 [main] DEBUG org.mybatis.spring.transaction.SpringManagedTransaction - JDBC Connection [conn3: url=jdbc:h2:mem:dataSource user=SA] will not be managed by Spring
20:01:44.723 [main] DEBUG com.bank.mapper.InvestmentMapper.findInvestmentById - ==>  Preparing: SELECT i.id, i.user_id, i.fund_id, i.units, i.invested_amount, i.current_value, i.investment_type, i.status, i.invested_at, mf.fund_name, mf.fund_code, mf.nav FROM investments i JOIN mutual_funds mf ON i.fund_id = mf.id WHERE i.id = ?
20:01:44.729 [main] DEBUG com.bank.mapper.InvestmentMapper.findInvestmentById - ==> Parameters: 3(Long)
20:01:44.741 [main] DEBUG com.bank.mapper.InvestmentMapper.findInvestmentById - <==      Total: 1
20:01:44.743 [main] DEBUG org.mybatis.spring.SqlSessionUtils - Closing non transactional SqlSession [org.apache.ibatis.session.defaults.DefaultSqlSession@50bc3219]
20:01:44.992 [main] DEBUG org.springframework.test.context.cache.DefaultCacheAwareContextLoaderDelegate - Retrieved ApplicationContext [1651162064] from cache with key [[MergedContextConfiguration@72bc6553 testClass = BankingApplicationTest, locations = '{classpath:applicationContext.xml}', classes = '{}', contextInitializerClasses = '[]', activeProfiles = '{}', propertySourceLocations = '{}', propertySourceProperties = '{}', contextCustomizers = set[[empty]], contextLoader = 'org.springframework.test.context.support.DelegatingSmartContextLoader', parent = [null]]]
20:01:44.992 [main] DEBUG org.springframework.test.context.cache - Spring test ApplicationContext cache statistics: [DefaultContextCache@4026461d size = 1, maxSize = 32, parentContextCount = 0, hitCount = 4, missCount = 1]
20:01:44.992 [main] DEBUG org.apache.camel.spring.SpringCamelContext - onApplicationEvent: org.springframework.test.context.event.AfterTestExecutionEvent[source=[DefaultTestContext@536f2a7e testClass = BankingApplicationTest, testInstance = com.bank.BankingApplicationTest@15888343, testMethod = testInvestmentResourceBuy@BankingApplicationTest, testException = [null], mergedContextConfiguration = [MergedContextConfiguration@72bc6553 testClass = BankingApplicationTest, locations = '{classpath:applicationContext.xml}', classes = '{}', contextInitializerClasses = '[]', activeProfiles = '{}', propertySourceLocations = '{}', propertySourceProperties = '{}', contextCustomizers = set[[empty]], contextLoader = 'org.springframework.test.context.support.DelegatingSmartContextLoader', parent = [null]], attributes = map['org.springframework.test.context.event.ApplicationEventsTestExecutionListener.recordApplicationEvents' -> false]]]
20:01:44.997 [main] DEBUG org.springframework.test.context.cache.DefaultCacheAwareContextLoaderDelegate - Retrieved ApplicationContext [1651162064] from cache with key [[MergedContextConfiguration@72bc6553 testClass = BankingApplicationTest, locations = '{classpath:applicationContext.xml}', classes = '{}', contextInitializerClasses = '[]', activeProfiles = '{}', propertySourceLocations = '{}', propertySourceProperties = '{}', contextCustomizers = set[[empty]], contextLoader = 'org.springframework.test.context.support.DelegatingSmartContextLoader', parent = [null]]]
20:01:44.997 [main] DEBUG org.springframework.test.context.cache - Spring test ApplicationContext cache statistics: [DefaultContextCache@4026461d size = 1, maxSize = 32, parentContextCount = 0, hitCount = 5, missCount = 1]
20:01:44.998 [main] DEBUG org.apache.camel.spring.SpringCamelContext - onApplicationEvent: org.springframework.test.context.event.AfterTestMethodEvent[source=[DefaultTestContext@536f2a7e testClass = BankingApplicationTest, testInstance = com.bank.BankingApplicationTest@15888343, testMethod = testInvestmentResourceBuy@BankingApplicationTest, testException = [null], mergedContextConfiguration = [MergedContextConfiguration@72bc6553 testClass = BankingApplicationTest, locations = '{classpath:applicationContext.xml}', classes = '{}', contextInitializerClasses = '[]', activeProfiles = '{}', propertySourceLocations = '{}', propertySourceProperties = '{}', contextCustomizers = set[[empty]], contextLoader = 'org.springframework.test.context.support.DelegatingSmartContextLoader', parent = [null]], attributes = map['org.springframework.test.context.event.ApplicationEventsTestExecutionListener.recordApplicationEvents' -> false]]]
20:01:45.000 [main] DEBUG org.springframework.test.context.support.AbstractDirtiesContextTestExecutionListener - After test method: context [DefaultTestContext@536f2a7e testClass = BankingApplicationTest, testInstance = com.bank.BankingApplicationTest@15888343, testMethod = testInvestmentResourceBuy@BankingApplicationTest, testException = [null], mergedContextConfiguration = [MergedContextConfiguration@72bc6553 testClass = BankingApplicationTest, locations = '{classpath:applicationContext.xml}', classes = '{}', contextInitializerClasses = '[]', activeProfiles = '{}', propertySourceLocations = '{}', propertySourceProperties = '{}', contextCustomizers = set[[empty]], contextLoader = 'org.springframework.test.context.support.DelegatingSmartContextLoader', parent = [null]], attributes = map['org.springframework.test.context.event.ApplicationEventsTestExecutionListener.recordApplicationEvents' -> false]], class annotated with @DirtiesContext [false] with mode [null], method annotated with @DirtiesContext [false] with mode [null].
]]></system-out>
  </testcase>
  <testcase name="testLoanResourceApply" classname="com.bank.BankingApplicationTest" time="0.224">
    <system-out><![CDATA[20:01:45.029 [main] DEBUG org.springframework.test.context.support.DependencyInjectionTestExecutionListener - Performing dependency injection for test context [[DefaultTestContext@536f2a7e testClass = BankingApplicationTest, testInstance = com.bank.BankingApplicationTest@aa1bb14, testMethod = [null], testException = [null], mergedContextConfiguration = [MergedContextConfiguration@72bc6553 testClass = BankingApplicationTest, locations = '{classpath:applicationContext.xml}', classes = '{}', contextInitializerClasses = '[]', activeProfiles = '{}', propertySourceLocations = '{}', propertySourceProperties = '{}', contextCustomizers = set[[empty]], contextLoader = 'org.springframework.test.context.support.DelegatingSmartContextLoader', parent = [null]], attributes = map['org.springframework.test.context.event.ApplicationEventsTestExecutionListener.recordApplicationEvents' -> false]]].
20:01:45.030 [main] DEBUG org.springframework.test.context.cache.DefaultCacheAwareContextLoaderDelegate - Retrieved ApplicationContext [1651162064] from cache with key [[MergedContextConfiguration@72bc6553 testClass = BankingApplicationTest, locations = '{classpath:applicationContext.xml}', classes = '{}', contextInitializerClasses = '[]', activeProfiles = '{}', propertySourceLocations = '{}', propertySourceProperties = '{}', contextCustomizers = set[[empty]], contextLoader = 'org.springframework.test.context.support.DelegatingSmartContextLoader', parent = [null]]]
20:01:45.030 [main] DEBUG org.springframework.test.context.cache - Spring test ApplicationContext cache statistics: [DefaultContextCache@4026461d size = 1, maxSize = 32, parentContextCount = 0, hitCount = 6, missCount = 1]
20:01:45.032 [main] DEBUG org.springframework.test.context.cache.DefaultCacheAwareContextLoaderDelegate - Retrieved ApplicationContext [1651162064] from cache with key [[MergedContextConfiguration@72bc6553 testClass = BankingApplicationTest, locations = '{classpath:applicationContext.xml}', classes = '{}', contextInitializerClasses = '[]', activeProfiles = '{}', propertySourceLocations = '{}', propertySourceProperties = '{}', contextCustomizers = set[[empty]], contextLoader = 'org.springframework.test.context.support.DelegatingSmartContextLoader', parent = [null]]]
20:01:45.033 [main] DEBUG org.springframework.test.context.cache - Spring test ApplicationContext cache statistics: [DefaultContextCache@4026461d size = 1, maxSize = 32, parentContextCount = 0, hitCount = 7, missCount = 1]
20:01:45.033 [main] DEBUG org.apache.camel.spring.SpringCamelContext - onApplicationEvent: org.springframework.test.context.event.PrepareTestInstanceEvent[source=[DefaultTestContext@536f2a7e testClass = BankingApplicationTest, testInstance = com.bank.BankingApplicationTest@aa1bb14, testMethod = [null], testException = [null], mergedContextConfiguration = [MergedContextConfiguration@72bc6553 testClass = BankingApplicationTest, locations = '{classpath:applicationContext.xml}', classes = '{}', contextInitializerClasses = '[]', activeProfiles = '{}', propertySourceLocations = '{}', propertySourceProperties = '{}', contextCustomizers = set[[empty]], contextLoader = 'org.springframework.test.context.support.DelegatingSmartContextLoader', parent = [null]], attributes = map['org.springframework.test.context.event.ApplicationEventsTestExecutionListener.recordApplicationEvents' -> false]]]
20:01:45.040 [main] DEBUG org.springframework.test.context.support.AbstractDirtiesContextTestExecutionListener - Before test method: context [DefaultTestContext@536f2a7e testClass = BankingApplicationTest, testInstance = com.bank.BankingApplicationTest@aa1bb14, testMethod = testLoanResourceApply@BankingApplicationTest, testException = [null], mergedContextConfiguration = [MergedContextConfiguration@72bc6553 testClass = BankingApplicationTest, locations = '{classpath:applicationContext.xml}', classes = '{}', contextInitializerClasses = '[]', activeProfiles = '{}', propertySourceLocations = '{}', propertySourceProperties = '{}', contextCustomizers = set[[empty]], contextLoader = 'org.springframework.test.context.support.DelegatingSmartContextLoader', parent = [null]], attributes = map['org.springframework.test.context.event.ApplicationEventsTestExecutionListener.recordApplicationEvents' -> false]], class annotated with @DirtiesContext [false] with mode [null], method annotated with @DirtiesContext [false] with mode [null].
20:01:45.041 [main] DEBUG org.springframework.test.context.cache.DefaultCacheAwareContextLoaderDelegate - Retrieved ApplicationContext [1651162064] from cache with key [[MergedContextConfiguration@72bc6553 testClass = BankingApplicationTest, locations = '{classpath:applicationContext.xml}', classes = '{}', contextInitializerClasses = '[]', activeProfiles = '{}', propertySourceLocations = '{}', propertySourceProperties = '{}', contextCustomizers = set[[empty]], contextLoader = 'org.springframework.test.context.support.DelegatingSmartContextLoader', parent = [null]]]
20:01:45.041 [main] DEBUG org.springframework.test.context.cache - Spring test ApplicationContext cache statistics: [DefaultContextCache@4026461d size = 1, maxSize = 32, parentContextCount = 0, hitCount = 8, missCount = 1]
20:01:45.041 [main] DEBUG org.apache.camel.spring.SpringCamelContext - onApplicationEvent: org.springframework.test.context.event.BeforeTestMethodEvent[source=[DefaultTestContext@536f2a7e testClass = BankingApplicationTest, testInstance = com.bank.BankingApplicationTest@aa1bb14, testMethod = testLoanResourceApply@BankingApplicationTest, testException = [null], mergedContextConfiguration = [MergedContextConfiguration@72bc6553 testClass = BankingApplicationTest, locations = '{classpath:applicationContext.xml}', classes = '{}', contextInitializerClasses = '[]', activeProfiles = '{}', propertySourceLocations = '{}', propertySourceProperties = '{}', contextCustomizers = set[[empty]], contextLoader = 'org.springframework.test.context.support.DelegatingSmartContextLoader', parent = [null]], attributes = map['org.springframework.test.context.event.ApplicationEventsTestExecutionListener.recordApplicationEvents' -> false]]]
20:01:45.042 [main] DEBUG org.springframework.test.context.cache.DefaultCacheAwareContextLoaderDelegate - Retrieved ApplicationContext [1651162064] from cache with key [[MergedContextConfiguration@72bc6553 testClass = BankingApplicationTest, locations = '{classpath:applicationContext.xml}', classes = '{}', contextInitializerClasses = '[]', activeProfiles = '{}', propertySourceLocations = '{}', propertySourceProperties = '{}', contextCustomizers = set[[empty]], contextLoader = 'org.springframework.test.context.support.DelegatingSmartContextLoader', parent = [null]]]
20:01:45.043 [main] DEBUG org.springframework.test.context.cache - Spring test ApplicationContext cache statistics: [DefaultContextCache@4026461d size = 1, maxSize = 32, parentContextCount = 0, hitCount = 9, missCount = 1]
20:01:45.043 [main] DEBUG org.apache.camel.spring.SpringCamelContext - onApplicationEvent: org.springframework.test.context.event.BeforeTestExecutionEvent[source=[DefaultTestContext@536f2a7e testClass = BankingApplicationTest, testInstance = com.bank.BankingApplicationTest@aa1bb14, testMethod = testLoanResourceApply@BankingApplicationTest, testException = [null], mergedContextConfiguration = [MergedContextConfiguration@72bc6553 testClass = BankingApplicationTest, locations = '{classpath:applicationContext.xml}', classes = '{}', contextInitializerClasses = '[]', activeProfiles = '{}', propertySourceLocations = '{}', propertySourceProperties = '{}', contextCustomizers = set[[empty]], contextLoader = 'org.springframework.test.context.support.DelegatingSmartContextLoader', parent = [null]], attributes = map['org.springframework.test.context.event.ApplicationEventsTestExecutionListener.recordApplicationEvents' -> false]]]
20:01:45.179 [main] DEBUG org.mybatis.spring.SqlSessionUtils - Creating a new SqlSession
20:01:45.180 [main] DEBUG org.mybatis.spring.SqlSessionUtils - SqlSession [org.apache.ibatis.session.defaults.DefaultSqlSession@7cf8f45a] was not registered for synchronization because synchronization is not active
20:01:45.180 [main] DEBUG org.springframework.jdbc.datasource.DataSourceUtils - Fetching JDBC Connection from DataSource
20:01:45.180 [main] DEBUG org.springframework.jdbc.datasource.SimpleDriverDataSource - Creating new JDBC Driver Connection to [jdbc:h2:mem:dataSource;DB_CLOSE_DELAY=-1;DB_CLOSE_ON_EXIT=false]
20:01:45.181 [main] DEBUG org.mybatis.spring.transaction.SpringManagedTransaction - JDBC Connection [conn4: url=jdbc:h2:mem:dataSource user=SA] will not be managed by Spring
[...]
20:01:45.446 [main] DEBUG org.springframework.test.context.cache.DefaultCacheAwareContextLoaderDelegate - Retrieved ApplicationContext [1651162064] from cache with key [[MergedContextConfiguration@72bc6553 testClass = BankingApplicationTest, locations = '{classpath:applicationContext.xml}', classes = '{}', contextInitializerClasses = '[]', activeProfiles = '{}', propertySourceLocations = '{}', propertySourceProperties = '{}', contextCustomizers = set[[empty]], contextLoader = 'org.springframework.test.context.support.DelegatingSmartContextLoader', parent = [null]]]
20:01:45.446 [main] DEBUG org.springframework.test.context.cache - Spring test ApplicationContext cache statistics: [DefaultContextCache@4026461d size = 1, maxSize = 32, parentContextCount = 0, hitCount = 29, missCount = 1]
20:01:45.446 [main] DEBUG org.apache.camel.spring.SpringCamelContext - onApplicationEvent: org.springframework.test.context.event.AfterTestMethodEvent[source=[DefaultTestContext@536f2a7e testClass = BankingApplicationTest, testInstance = com.bank.BankingApplicationTest@5e99e2cb, testMethod = testAccountResourceBalance@BankingApplicationTest, testException = [null], mergedContextConfiguration = [MergedContextConfiguration@72bc6553 testClass = BankingApplicationTest, locations = '{classpath:applicationContext.xml}', classes = '{}', contextInitializerClasses = '[]', activeProfiles = '{}', propertySourceLocations = '{}', propertySourceProperties = '{}', contextCustomizers = set[[empty]], contextLoader = 'org.springframework.test.context.support.DelegatingSmartContextLoader', parent = [null]], attributes = map['org.springframework.test.context.event.ApplicationEventsTestExecutionListener.recordApplicationEvents' -> false]]]
20:01:45.447 [main] DEBUG org.springframework.test.context.support.AbstractDirtiesContextTestExecutionListener - After test method: context [DefaultTestContext@536f2a7e testClass = BankingApplicationTest, testInstance = com.bank.BankingApplicationTest@5e99e2cb, testMethod = testAccountResourceBalance@BankingApplicationTest, testException = [null], mergedContextConfiguration = [MergedContextConfiguration@72bc6553 testClass = BankingApplicationTest, locations = '{classpath:applicationContext.xml}', classes = '{}', contextInitializerClasses = '[]', activeProfiles = '{}', propertySourceLocations = '{}', propertySourceProperties = '{}', contextCustomizers = set[[empty]], contextLoader = 'org.springframework.test.context.support.DelegatingSmartContextLoader', parent = [null]], attributes = map['org.springframework.test.context.event.ApplicationEventsTestExecutionListener.recordApplicationEvents' -> false]], class annotated with @DirtiesContext [false] with mode [null], method annotated with @DirtiesContext [false] with mode [null].
]]></system-out>
  </testcase>
  <testcase name="testAccountResourceWithdrawal" classname="com.bank.BankingApplicationTest" time="0.044">
    <system-out><![CDATA[20:01:45.452 [main] DEBUG org.springframework.test.context.support.DependencyInjectionTestExecutionListener - Performing dependency injection for test context [[DefaultTestContext@536f2a7e testClass = BankingApplicationTest, testInstance = com.bank.BankingApplicationTest@63917fe1, testMethod = [null], testException = [null], mergedContextConfiguration = [MergedContextConfiguration@72bc6553 testClass = BankingApplicationTest, locations = '{classpath:applicationContext.xml}', classes = '{}', contextInitializerClasses = '[]', activeProfiles = '{}', propertySourceLocations = '{}', propertySourceProperties = '{}', contextCustomizers = set[[empty]], contextLoader = 'org.springframework.test.context.support.DelegatingSmartContextLoader', parent = [null]], attributes = map['org.springframework.test.context.event.ApplicationEventsTestExecutionListener.recordApplicationEvents' -> false]]].
20:01:45.453 [main] DEBUG org.springframework.test.context.cache.DefaultCacheAwareContextLoaderDelegate - Retrieved ApplicationContext [1651162064] from cache with key [[MergedContextConfiguration@72bc6553 testClass = BankingApplicationTest, locations = '{classpath:applicationContext.xml}', classes = '{}', contextInitializerClasses = '[]', activeProfiles = '{}', propertySourceLocations = '{}', propertySourceProperties = '{}', contextCustomizers = set[[empty]], contextLoader = 'org.springframework.test.context.support.DelegatingSmartContextLoader', parent = [null]]]
20:01:45.453 [main] DEBUG org.springframework.test.context.cache - Spring test ApplicationContext cache statistics: [DefaultContextCache@4026461d size = 1, maxSize = 32, parentContextCount = 0, hitCount = 30, missCount = 1]
20:01:45.454 [main] DEBUG org.springframework.test.context.cache.DefaultCacheAwareContextLoaderDelegate - Retrieved ApplicationContext [1651162064] from cache with key [[MergedContextConfiguration@72bc6553 testClass = BankingApplicationTest, locations = '{classpath:applicationContext.xml}', classes = '{}', contextInitializerClasses = '[]', activeProfiles = '{}', propertySourceLocations = '{}', propertySourceProperties = '{}', contextCustomizers = set[[empty]], contextLoader = 'org.springframework.test.context.support.DelegatingSmartContextLoader', parent = [null]]]
20:01:45.454 [main] DEBUG org.springframework.test.context.cache - Spring test ApplicationContext cache statistics: [DefaultContextCache@4026461d size = 1, maxSize = 32, parentContextCount = 0, hitCount = 31, missCount = 1]
20:01:45.454 [main] DEBUG org.apache.camel.spring.SpringCamelContext - onApplicationEvent: org.springframework.test.context.event.PrepareTestInstanceEvent[source=[DefaultTestContext@536f2a7e testClass = BankingApplicationTest, testInstance = com.bank.BankingApplicationTest@63917fe1, testMethod = [null], testException = [null], mergedContextConfiguration = [MergedContextConfiguration@72bc6553 testClass = BankingApplicationTest, locations = '{classpath:applicationContext.xml}', classes = '{}', contextInitializerClasses = '[]', activeProfiles = '{}', propertySourceLocations = '{}', propertySourceProperties = '{}', contextCustomizers = set[[empty]], contextLoader = 'org.springframework.test.context.support.DelegatingSmartContextLoader', parent = [null]], attributes = map['org.springframework.test.context.event.ApplicationEventsTestExecutionListener.recordApplicationEvents' -> false]]]
20:01:45.458 [main] DEBUG org.springframework.test.context.support.AbstractDirtiesContextTestExecutionListener - Before test method: context [DefaultTestContext@536f2a7e testClass = BankingApplicationTest, testInstance = com.bank.BankingApplicationTest@63917fe1, testMethod = testAccountResourceWithdrawal@BankingApplicationTest, testException = [null], mergedContextConfiguration = [MergedContextConfiguration@72bc6553 testClass = BankingApplicationTest, locations = '{classpath:applicationContext.xml}', classes = '{}', contextInitializerClasses = '[]', activeProfiles = '{}', propertySourceLocations = '{}', propertySourceProperties = '{}', contextCustomizers = set[[empty]], contextLoader = 'org.springframework.test.context.support.DelegatingSmartContextLoader', parent = [null]], attributes = map['org.springframework.test.context.event.ApplicationEventsTestExecutionListener.recordApplicationEvents' -> false]], class annotated with @DirtiesContext [false] with mode [null], method annotated with @DirtiesContext [false] with mode [null].
20:01:45.459 [main] DEBUG org.springframework.test.context.cache.DefaultCacheAwareContextLoaderDelegate - Retrieved ApplicationContext [1651162064] from cache with key [[MergedContextConfiguration@72bc6553 testClass = BankingApplicationTest, locations = '{classpath:applicationContext.xml}', classes = '{}', contextInitializerClasses = '[]', activeProfiles = '{}', propertySourceLocations = '{}', propertySourceProperties = '{}', contextCustomizers = set[[empty]], contextLoader = 'org.springframework.test.context.support.DelegatingSmartContextLoader', parent = [null]]]
20:01:45.459 [main] DEBUG org.springframework.test.context.cache - Spring test ApplicationContext cache statistics: [DefaultContextCache@4026461d size = 1, maxSize = 32, parentContextCount = 0, hitCount = 32, missCount = 1]
20:01:45.459 [main] DEBUG org.apache.camel.spring.SpringCamelContext - onApplicationEvent: org.springframework.test.context.event.BeforeTestMethodEvent[source=[DefaultTestContext@536f2a7e testClass = BankingApplicationTest, testInstance = com.bank.BankingApplicationTest@63917fe1, testMethod = testAccountResourceWithdrawal@BankingApplicationTest, testException = [null], mergedContextConfiguration = [MergedContextConfiguration@72bc6553 testClass = BankingApplicationTest, locations = '{classpath:applicationContext.xml}', classes = '{}', contextInitializerClasses = '[]', activeProfiles = '{}', propertySourceLocations = '{}', propertySourceProperties = '{}', contextCustomizers = set[[empty]], contextLoader = 'org.springframework.test.context.support.DelegatingSmartContextLoader', parent = [null]], attributes = map['org.springframework.test.context.event.ApplicationEventsTestExecutionListener.recordApplicationEvents' -> false]]]
20:01:45.460 [main] DEBUG org.springframework.test.context.cache.DefaultCacheAwareContextLoaderDelegate - Retrieved ApplicationContext [1651162064] from cache with key [[MergedContextConfiguration@72bc6553 testClass = BankingApplicationTest, locations = '{classpath:applicationContext.xml}', classes = '{}', contextInitializerClasses = '[]', activeProfiles = '{}', propertySourceLocations = '{}', propertySourceProperties = '{}', contextCustomizers = set[[empty]], contextLoader = 'org.springframework.test.context.support.DelegatingSmartContextLoader', parent = [null]]]
20:01:45.460 [main] DEBUG org.springframework.test.context.cache - Spring test ApplicationContext cache statistics: [DefaultContextCache@4026461d size = 1, maxSize = 32, parentContextCount = 0, hitCount = 33, missCount = 1]
20:01:45.460 [main] DEBUG org.apache.camel.spring.SpringCamelContext - onApplicationEvent: org.springframework.test.context.event.BeforeTestExecutionEvent[source=[DefaultTestContext@536f2a7e testClass = BankingApplicationTest, testInstance = com.bank.BankingApplicationTest@63917fe1, testMethod = testAccountResourceWithdrawal@BankingApplicationTest, testException = [null], mergedContextConfiguration = [MergedContextConfiguration@72bc6553 testClass = BankingApplicationTest, locations = '{classpath:applicationContext.xml}', classes = '{}', contextInitializerClasses = '[]', activeProfiles = '{}', propertySourceLocations = '{}', propertySourceProperties = '{}', contextCustomizers = set[[empty]], contextLoader = 'org.springframework.test.context.support.DelegatingSmartContextLoader', parent = [null]], attributes = map['org.springframework.test.context.event.ApplicationEventsTestExecutionListener.recordApplicationEvents' -> false]]]
20:01:45.461 [main] DEBUG org.mybatis.spring.SqlSessionUtils - Creating a new SqlSession
20:01:45.461 [main] DEBUG org.mybatis.spring.SqlSessionUtils - SqlSession [org.apache.ibatis.session.defaults.DefaultSqlSession@720f56e2] was not registered for synchronization because synchronization is not active
20:01:45.461 [main] DEBUG org.springframework.jdbc.datasource.DataSourceUtils - Fetching JDBC Connection from DataSource
20:01:45.462 [main] DEBUG org.springframework.jdbc.datasource.SimpleDriverDataSource - Creating new JDBC Driver Connection to [jdbc:h2:mem:dataSource;DB_CLOSE_DELAY=-1;DB_CLOSE_ON_EXIT=false]
20:01:45.463 [main] DEBUG org.mybatis.spring.transaction.SpringManagedTransaction - JDBC Connection [conn11: url=jdbc:h2:mem:dataSource user=SA] will not be managed by Spring
20:01:45.463 [main] DEBUG com.bank.mapper.AccountMapper.findByAccountNumber - ==>  Preparing: SELECT id, account_number, user_id, account_type, balance, status, created_at FROM accounts WHERE account_number = ?
20:01:45.465 [main] DEBUG com.bank.mapper.AccountMapper.findByAccountNumber - ==> Parameters: ACC-CHK-1001(String)
20:01:45.473 [main] DEBUG com.bank.mapper.AccountMapper.findByAccountNumber - <==      Total: 1
20:01:45.473 [main] DEBUG org.mybatis.spring.SqlSessionUtils - Closing non transactional SqlSession [org.apache.ibatis.session.defaults.DefaultSqlSession@720f56e2]
20:01:45.474 [main] DEBUG org.mybatis.spring.SqlSessionUtils - Creating a new SqlSession
20:01:45.474 [main] DEBUG org.mybatis.spring.SqlSessionUtils - SqlSession [org.apache.ibatis.session.defaults.DefaultSqlSession@4466cf5d] was not registered for synchronization because synchronization is not active
20:01:45.474 [main] DEBUG org.springframework.jdbc.datasource.DataSourceUtils - Fetching JDBC Connection from DataSource
20:01:45.474 [main] DEBUG org.springframework.jdbc.datasource.SimpleDriverDataSource - Creating new JDBC Driver Connection to [jdbc:h2:mem:dataSource;DB_CLOSE_DELAY=-1;DB_CLOSE_ON_EXIT=false]
20:01:45.476 [main] DEBUG org.mybatis.spring.transaction.SpringManagedTransaction - JDBC Connection [conn12: url=jdbc:h2:mem:dataSource user=SA] will not be managed by Spring
20:01:45.477 [main] DEBUG com.bank.mapper.AccountMapper.updateBalance - ==>  Preparing: UPDATE accounts SET balance = ? WHERE id = ?
20:01:45.478 [main] DEBUG com.bank.mapper.AccountMapper.updateBalance - ==> Parameters: 15000.00(BigDecimal), 1(Long)
20:01:45.479 [main] DEBUG com.bank.mapper.AccountMapper.updateBalance - <==    Updates: 1
20:01:45.479 [main] DEBUG org.mybatis.spring.SqlSessionUtils - Closing non transactional SqlSession [org.apache.ibatis.session.defaults.DefaultSqlSession@4466cf5d]
20:01:45.480 [main] DEBUG org.mybatis.spring.SqlSessionUtils - Creating a new SqlSession
20:01:45.480 [main] DEBUG org.mybatis.spring.SqlSessionUtils - SqlSession [org.apache.ibatis.session.defaults.DefaultSqlSession@2450256f] was not registered for synchronization because synchronization is not active
20:01:45.480 [main] DEBUG org.springframework.jdbc.datasource.DataSourceUtils - Fetching JDBC Connection from DataSource
20:01:45.480 [main] DEBUG org.springframework.jdbc.datasource.SimpleDriverDataSource - Creating new JDBC Driver Connection to [jdbc:h2:mem:dataSource;DB_CLOSE_DELAY=-1;DB_CLOSE_ON_EXIT=false]
20:01:45.482 [main] DEBUG org.mybatis.spring.transaction.SpringManagedTransaction - JDBC Connection [conn13: url=jdbc:h2:mem:dataSource user=SA] will not be managed by Spring
20:01:45.482 [main] DEBUG com.bank.mapper.TransactionMapper.insert - ==>  Preparing: INSERT INTO transactions (transaction_reference, account_id, transaction_type, amount, balance_after, description) VALUES (?, ?, ?, ?, ?, ?)
20:01:45.490 [main] DEBUG com.bank.mapper.TransactionMapper.insert - ==> Parameters: TXN-WTH-8CF6F738(String), 1(Long), WITHDRAWAL(String), 500.00(BigDecimal), 15000.00(BigDecimal), JAX-RS Test Withdrawal(String)
20:01:45.492 [main] DEBUG com.bank.mapper.TransactionMapper.insert - <==    Updates: 1
20:01:45.494 [main] DEBUG org.mybatis.spring.SqlSessionUtils - Closing non transactional SqlSession [org.apache.ibatis.session.defaults.DefaultSqlSession@2450256f]
20:01:45.494 [main] INFO com.bank.service.AccountServiceImpl - Withdrew 500.00 from account ACC-CHK-1001. New Balance: 15000.00
20:01:45.495 [main] DEBUG org.springframework.test.context.cache.DefaultCacheAwareContextLoaderDelegate - Retrieved ApplicationContext [1651162064] from cache with key [[MergedContextConfiguration@72bc6553 testClass = BankingApplicationTest, locations = '{classpath:applicationContext.xml}', classes = '{}', contextInitializerClasses = '[]', activeProfiles = '{}', propertySourceLocations = '{}', propertySourceProperties = '{}', contextCustomizers = set[[empty]], contextLoader = 'org.springframework.test.context.support.DelegatingSmartContextLoader', parent = [null]]]
20:01:45.496 [main] DEBUG org.springframework.test.context.cache - Spring test ApplicationContext cache statistics: [DefaultContextCache@4026461d size = 1, maxSize = 32, parentContextCount = 0, hitCount = 34, missCount = 1]
20:01:45.496 [main] DEBUG org.apache.camel.spring.SpringCamelContext - onApplicationEvent: org.springframework.test.context.event.AfterTestExecutionEvent[source=[DefaultTestContext@536f2a7e testClass = BankingApplicationTest, testInstance = com.bank.BankingApplicationTest@63917fe1, testMethod = testAccountResourceWithdrawal@BankingApplicationTest, testException = [null], mergedContextConfiguration = [MergedContextConfiguration@72bc6553 testClass = BankingApplicationTest, locations = '{classpath:applicationContext.xml}', classes = '{}', contextInitializerClasses = '[]', activeProfiles = '{}', propertySourceLocations = '{}', propertySourceProperties = '{}', contextCustomizers = set[[empty]], contextLoader = 'org.springframework.test.context.support.DelegatingSmartContextLoader', parent = [null]], attributes = map['org.springframework.test.context.event.ApplicationEventsTestExecutionListener.recordApplicationEvents' -> false]]]
20:01:45.496 [main] DEBUG org.springframework.test.context.cache.DefaultCacheAwareContextLoaderDelegate - Retrieved ApplicationContext [1651162064] from cache with key [[MergedContextConfiguration@72bc6553 testClass = BankingApplicationTest, locations = '{classpath:applicationContext.xml}', classes = '{}', contextInitializerClasses = '[]', activeProfiles = '{}', propertySourceLocations = '{}', propertySourceProperties = '{}', contextCustomizers = set[[empty]], contextLoader = 'org.springframework.test.context.support.DelegatingSmartContextLoader', parent = [null]]]
20:01:45.497 [main] DEBUG org.springframework.test.context.cache - Spring test ApplicationContext cache statistics: [DefaultContextCache@4026461d size = 1, maxSize = 32, parentContextCount = 0, hitCount = 35, missCount = 1]
20:01:45.497 [main] DEBUG org.apache.camel.spring.SpringCamelContext - onApplicationEvent: org.springframework.test.context.event.AfterTestMethodEvent[source=[DefaultTestContext@536f2a7e testClass = BankingApplicationTest, testInstance = com.bank.BankingApplicationTest@63917fe1, testMethod = testAccountResourceWithdrawal@BankingApplicationTest, testException = [null], mergedContextConfiguration = [MergedContextConfiguration@72bc6553 testClass = BankingApplicationTest, locations = '{classpath:applicationContext.xml}', classes = '{}', contextInitializerClasses = '[]', activeProfiles = '{}', propertySourceLocations = '{}', propertySourceProperties = '{}', contextCustomizers = set[[empty]], contextLoader = 'org.springframework.test.context.support.DelegatingSmartContextLoader', parent = [null]], attributes = map['org.springframework.test.context.event.ApplicationEventsTestExecutionListener.recordApplicationEvents' -> false]]]
20:01:45.499 [main] DEBUG org.springframework.test.context.support.AbstractDirtiesContextTestExecutionListener - After test method: context [DefaultTestContext@536f2a7e testClass = BankingApplicationTest, testInstance = com.bank.BankingApplicationTest@63917fe1, testMethod = testAccountResourceWithdrawal@BankingApplicationTest, testException = [null], mergedContextConfiguration = [MergedContextConfiguration@72bc6553 testClass = BankingApplicationTest, locations = '{classpath:applicationContext.xml}', classes = '{}', contextInitializerClasses = '[]', activeProfiles = '{}', propertySourceLocations = '{}', propertySourceProperties = '{}', contextCustomizers = set[[empty]], contextLoader = 'org.springframework.test.context.support.DelegatingSmartContextLoader', parent = [null]], attributes = map['org.springframework.test.context.event.ApplicationEventsTestExecutionListener.recordApplicationEvents' -> false]], class annotated with @DirtiesContext [false] with mode [null], method annotated with @DirtiesContext [false] with mode [null].
]]></system-out>
  </testcase>
</testsuite>